This file contains any messages produced by compilers while
running configure, to aid debugging if configure makes a mistake.

It was created by configure, which was
generated by GNU Autoconf 2.65.  Invocation command line was

  $ /Users/sid/Sources/vice-emu/trunk/vice/src/resid-fp/configure --disable-option-checking --prefix=/usr/local --host=x86_64-apple-darwin --disable-sse --with-cocoa --disable-nls --x-includes=/Applications/Xcode.app/Contents/Developer/Platforms/MacOSX.platform/Developer/SDKs/MacOSX10.7.sdk/usr/X11R6/include --x-libraries=/Applications/Xcode.app/Contents/Developer/Platforms/MacOSX.platform/Developer/SDKs/MacOSX10.7.sdk/usr/X11R6/lib host_alias=x86_64-apple-darwin CC=/usr/bin/clang -arch x86_64 -isysroot /Applications/Xcode.app/Contents/Developer/Platforms/MacOSX.platform/Developer/SDKs/MacOSX10.7.sdk -mmacosx-version-min=10.7 CFLAGS=-O3 LDFLAGS=-L/Users/sid/Sources/vice-emu/trunk/vice/extlib/x86_64-10.7-clang/lib  CPPFLAGS=-I/Users/sid/Sources/vice-emu/trunk/vice/extlib/x86_64-10.7-clang/include CXX=/usr/bin/clang++ -arch x86_64 -isysroot /Applications/Xcode.app/Contents/Developer/Platforms/MacOSX.platform/Developer/SDKs/MacOSX10.7.sdk -mmacosx-version-min=10.7 --cache-file=/dev/null --srcdir=/Users/sid/Sources/vice-emu/trunk/vice/src/resid-fp

## --------- ##
## Platform. ##
## --------- ##

hostname = hubbard.local
uname -m = x86_64
uname -r = 11.3.0
uname -s = Darwin
uname -v = Darwin Kernel Version 11.3.0: Thu Jan 12 18:47:41 PST 2012; root:xnu-1699.24.23~1/RELEASE_X86_64

/usr/bin/uname -p = i386
/bin/uname -X     = unknown

/bin/arch              = unknown
/usr/bin/arch -k       = unknown
/usr/convex/getsysinfo = unknown
/usr/bin/hostinfo      = Mach kernel version:
	 Darwin Kernel Version 11.3.0: Thu Jan 12 18:47:41 PST 2012; root:xnu-1699.24.23~1/RELEASE_X86_64
Kernel configured for up to 4 processors.
4 processors are physically available.
4 processors are logically available.
Processor type: i486 (Intel 80486)
Processors active: 0 1 2 3
Primary memory available: 8.00 gigabytes
Default processor set: 131 tasks, 652 threads, 4 processors
Load average: 1.71, Mach factor: 2.28
/bin/machine           = unknown
/usr/bin/oslevel       = unknown
/bin/universe          = unknown

PATH: /Users/sid/Sources/vice-emu/trunk/vice/extlib/i386-10.7-clang/bin
PATH: /usr/X11R6/bin
PATH: /opt/local/bin
PATH: /opt/local/sbin
PATH: /sw/bin
PATH: /sw/sbin
PATH: /usr/bin
PATH: /bin
PATH: /usr/sbin
PATH: /sbin
PATH: /usr/local/bin
PATH: /usr/X11/bin
PATH: /usr/X11R6/bin
PATH: /usr/local/arm-apple-darwin/bin/
PATH: /usr/local/arm-apple-darwin/bin/
PATH: /usr/local/arm-apple-darwin/bin/


## ----------- ##
## Core tests. ##
## ----------- ##

configure:2256: checking for a BSD-compatible install
configure:2324: result: /opt/local/bin/ginstall -c
configure:2335: checking whether build environment is sane
configure:2385: result: yes
configure:2434: checking for x86_64-apple-darwin-strip
configure:2464: result: no
configure:2474: checking for strip
configure:2490: found /usr/bin/strip
configure:2501: result: strip
configure:2526: checking for a thread-safe mkdir -p
configure:2565: result: /opt/local/bin/gmkdir -p
configure:2578: checking for gawk
configure:2608: result: no
configure:2578: checking for mawk
configure:2608: result: no
configure:2578: checking for nawk
configure:2608: result: no
configure:2578: checking for awk
configure:2594: found /usr/bin/awk
configure:2605: result: awk
configure:2616: checking whether make sets $(MAKE)
configure:2638: result: yes
configure:2731: checking build system type
configure:2745: result: i686-apple-darwin11.3.0
configure:2765: checking host system type
configure:2778: result: x86_64-apple-darwin
configure:2937: checking for C++ compiler version
configure:2946: /usr/bin/clang++ -arch x86_64 -isysroot /Applications/Xcode.app/Contents/Developer/Platforms/MacOSX.platform/Developer/SDKs/MacOSX10.7.sdk -mmacosx-version-min=10.7 --version >&5
Apple clang version 3.1 (tags/Apple/clang-318.0.54) (based on LLVM 3.1svn)
Target: x86_64-apple-darwin11.3.0
Thread model: posix
configure:2957: $? = 0
configure:2946: /usr/bin/clang++ -arch x86_64 -isysroot /Applications/Xcode.app/Contents/Developer/Platforms/MacOSX.platform/Developer/SDKs/MacOSX10.7.sdk -mmacosx-version-min=10.7 -v >&5
Apple clang version 3.1 (tags/Apple/clang-318.0.54) (based on LLVM 3.1svn)
Target: x86_64-apple-darwin11.3.0
Thread model: posix
clang: warning: argument unused during compilation: '-isysroot /Applications/Xcode.app/Contents/Developer/Platforms/MacOSX.platform/Developer/SDKs/MacOSX10.7.sdk'
clang: warning: argument unused during compilation: '-mmacosx-version-min=10.7'
configure:2957: $? = 0
configure:2946: /usr/bin/clang++ -arch x86_64 -isysroot /Applications/Xcode.app/Contents/Developer/Platforms/MacOSX.platform/Developer/SDKs/MacOSX10.7.sdk -mmacosx-version-min=10.7 -V >&5
clang: error: argument to '-V' is missing (expected 1 value)
clang: error: no input files
configure:2957: $? = 1
configure:2946: /usr/bin/clang++ -arch x86_64 -isysroot /Applications/Xcode.app/Contents/Developer/Platforms/MacOSX.platform/Developer/SDKs/MacOSX10.7.sdk -mmacosx-version-min=10.7 -qversion >&5
clang: error: no input files
configure:2957: $? = 1
configure:2977: checking whether the C++ compiler works
configure:2999: /usr/bin/clang++ -arch x86_64 -isysroot /Applications/Xcode.app/Contents/Developer/Platforms/MacOSX.platform/Developer/SDKs/MacOSX10.7.sdk -mmacosx-version-min=10.7  -I/Users/sid/Sources/vice-emu/trunk/vice/extlib/x86_64-10.7-clang/include -L/Users/sid/Sources/vice-emu/trunk/vice/extlib/x86_64-10.7-clang/lib  conftest.cpp  >&5
ld: warning: directory not found for option '-L/Users/sid/Sources/vice-emu/trunk/vice/extlib/x86_64-10.7-clang/lib'
configure:3003: $? = 0
configure:3052: result: yes
configure:3055: checking for C++ compiler default output file name
configure:3057: result: a.out
configure:3063: checking for suffix of executables
configure:3070: /usr/bin/clang++ -arch x86_64 -isysroot /Applications/Xcode.app/Contents/Developer/Platforms/MacOSX.platform/Developer/SDKs/MacOSX10.7.sdk -mmacosx-version-min=10.7 -o conftest  -I/Users/sid/Sources/vice-emu/trunk/vice/extlib/x86_64-10.7-clang/include -L/Users/sid/Sources/vice-emu/trunk/vice/extlib/x86_64-10.7-clang/lib  conftest.cpp  >&5
ld: warning: directory not found for option '-L/Users/sid/Sources/vice-emu/trunk/vice/extlib/x86_64-10.7-clang/lib'
configure:3074: $? = 0
configure:3096: result: 
configure:3118: checking whether we are cross compiling
configure:3126: /usr/bin/clang++ -arch x86_64 -isysroot /Applications/Xcode.app/Contents/Developer/Platforms/MacOSX.platform/Developer/SDKs/MacOSX10.7.sdk -mmacosx-version-min=10.7 -o conftest  -I/Users/sid/Sources/vice-emu/trunk/vice/extlib/x86_64-10.7-clang/include -L/Users/sid/Sources/vice-emu/trunk/vice/extlib/x86_64-10.7-clang/lib  conftest.cpp  >&5
ld: warning: directory not found for option '-L/Users/sid/Sources/vice-emu/trunk/vice/extlib/x86_64-10.7-clang/lib'
configure:3130: $? = 0
configure:3137: ./conftest
configure:3141: $? = 0
configure:3156: result: no
configure:3161: checking for suffix of object files
configure:3183: /usr/bin/clang++ -arch x86_64 -isysroot /Applications/Xcode.app/Contents/Developer/Platforms/MacOSX.platform/Developer/SDKs/MacOSX10.7.sdk -mmacosx-version-min=10.7 -c  -I/Users/sid/Sources/vice-emu/trunk/vice/extlib/x86_64-10.7-clang/include conftest.cpp >&5
configure:3187: $? = 0
configure:3208: result: o
configure:3212: checking whether we are using the GNU C++ compiler
configure:3231: /usr/bin/clang++ -arch x86_64 -isysroot /Applications/Xcode.app/Contents/Developer/Platforms/MacOSX.platform/Developer/SDKs/MacOSX10.7.sdk -mmacosx-version-min=10.7 -c  -I/Users/sid/Sources/vice-emu/trunk/vice/extlib/x86_64-10.7-clang/include conftest.cpp >&5
configure:3231: $? = 0
configure:3240: result: yes
configure:3249: checking whether /usr/bin/clang++ -arch x86_64 -isysroot /Applications/Xcode.app/Contents/Developer/Platforms/MacOSX.platform/Developer/SDKs/MacOSX10.7.sdk -mmacosx-version-min=10.7 accepts -g
configure:3269: /usr/bin/clang++ -arch x86_64 -isysroot /Applications/Xcode.app/Contents/Developer/Platforms/MacOSX.platform/Developer/SDKs/MacOSX10.7.sdk -mmacosx-version-min=10.7 -c -g -I/Users/sid/Sources/vice-emu/trunk/vice/extlib/x86_64-10.7-clang/include conftest.cpp >&5
configure:3269: $? = 0
configure:3310: result: yes
configure:3344: checking for style of include used by make
configure:3372: result: GNU
configure:3397: checking dependency style of /usr/bin/clang++ -arch x86_64 -isysroot /Applications/Xcode.app/Contents/Developer/Platforms/MacOSX.platform/Developer/SDKs/MacOSX10.7.sdk -mmacosx-version-min=10.7
configure:3507: result: gcc3
configure:3563: checking whether the C++ compiler (/usr/bin/clang++ -arch x86_64 -isysroot /Applications/Xcode.app/Contents/Developer/Platforms/MacOSX.platform/Developer/SDKs/MacOSX10.7.sdk -mmacosx-version-min=10.7 -g -Wall -O3 -ffast-math  -fno-exceptions -L/Users/sid/Sources/vice-emu/trunk/vice/extlib/x86_64-10.7-clang/lib ) works
configure:3576: /usr/bin/clang++ -arch x86_64 -isysroot /Applications/Xcode.app/Contents/Developer/Platforms/MacOSX.platform/Developer/SDKs/MacOSX10.7.sdk -mmacosx-version-min=10.7 -c -g -Wall -O3 -ffast-math  -fno-exceptions -I/Users/sid/Sources/vice-emu/trunk/vice/extlib/x86_64-10.7-clang/include conftest.cpp >&5
conftest.cpp:15:5: warning: unused variable 'test' [-Wunused-variable]
int test;
    ^
1 warning generated.
configure:3576: $? = 0
configure:3577: result: yes
configure:3593: checking whether the C++ compiler (/usr/bin/clang++ -arch x86_64 -isysroot /Applications/Xcode.app/Contents/Developer/Platforms/MacOSX.platform/Developer/SDKs/MacOSX10.7.sdk -mmacosx-version-min=10.7 -g -Wall -O3 -ffast-math  -fno-exceptions -fno-exceptions -fno-pic -L/Users/sid/Sources/vice-emu/trunk/vice/extlib/x86_64-10.7-clang/lib ) works
configure:3606: /usr/bin/clang++ -arch x86_64 -isysroot /Applications/Xcode.app/Contents/Developer/Platforms/MacOSX.platform/Developer/SDKs/MacOSX10.7.sdk -mmacosx-version-min=10.7 -c -g -Wall -O3 -ffast-math  -fno-exceptions -fno-exceptions -fno-pic -I/Users/sid/Sources/vice-emu/trunk/vice/extlib/x86_64-10.7-clang/include conftest.cpp >&5
clang: warning: argument unused during compilation: '-fno-pic'
conftest.cpp:15:5: warning: unused variable 'test' [-Wunused-variable]
int test;
    ^
1 warning generated.
configure:3606: $? = 0
configure:3607: result: yes
configure:3653: checking for ar
configure:3669: found /usr/bin/ar
configure:3681: result: ar
configure:3692: checking for x86_64-apple-darwin-ranlib
configure:3722: result: no
configure:3732: checking for ranlib
configure:3748: found /usr/bin/ranlib
configure:3759: result: ranlib
configure:3783: checking for perl
configure:3801: found /opt/local/bin/perl
configure:3813: result: /opt/local/bin/perl
configure:3831: checking how to run the C++ preprocessor
configure:3858: /usr/bin/clang++ -arch x86_64 -isysroot /Applications/Xcode.app/Contents/Developer/Platforms/MacOSX.platform/Developer/SDKs/MacOSX10.7.sdk -mmacosx-version-min=10.7 -E -I/Users/sid/Sources/vice-emu/trunk/vice/extlib/x86_64-10.7-clang/include conftest.cpp
configure:3858: $? = 0
configure:3872: /usr/bin/clang++ -arch x86_64 -isysroot /Applications/Xcode.app/Contents/Developer/Platforms/MacOSX.platform/Developer/SDKs/MacOSX10.7.sdk -mmacosx-version-min=10.7 -E -I/Users/sid/Sources/vice-emu/trunk/vice/extlib/x86_64-10.7-clang/include conftest.cpp
conftest.cpp:11:10: fatal error: 'ac_nonexistent.h' file not found
#include <ac_nonexistent.h>
         ^
1 error generated.
configure:3872: $? = 1
configure: failed program was:
| /* confdefs.h */
| #define PACKAGE_NAME ""
| #define PACKAGE_TARNAME ""
| #define PACKAGE_VERSION ""
| #define PACKAGE_STRING ""
| #define PACKAGE_BUGREPORT ""
| #define PACKAGE_URL ""
| #define PACKAGE "resid"
| #define VERSION "0.16vice"
| /* end confdefs.h.  */
| #include <ac_nonexistent.h>
configure:3897: result: /usr/bin/clang++ -arch x86_64 -isysroot /Applications/Xcode.app/Contents/Developer/Platforms/MacOSX.platform/Developer/SDKs/MacOSX10.7.sdk -mmacosx-version-min=10.7 -E
configure:3917: /usr/bin/clang++ -arch x86_64 -isysroot /Applications/Xcode.app/Contents/Developer/Platforms/MacOSX.platform/Developer/SDKs/MacOSX10.7.sdk -mmacosx-version-min=10.7 -E -I/Users/sid/Sources/vice-emu/trunk/vice/extlib/x86_64-10.7-clang/include conftest.cpp
configure:3917: $? = 0
configure:3931: /usr/bin/clang++ -arch x86_64 -isysroot /Applications/Xcode.app/Contents/Developer/Platforms/MacOSX.platform/Developer/SDKs/MacOSX10.7.sdk -mmacosx-version-min=10.7 -E -I/Users/sid/Sources/vice-emu/trunk/vice/extlib/x86_64-10.7-clang/include conftest.cpp
conftest.cpp:11:10: fatal error: 'ac_nonexistent.h' file not found
#include <ac_nonexistent.h>
         ^
1 error generated.
configure:3931: $? = 1
configure: failed program was:
| /* confdefs.h */
| #define PACKAGE_NAME ""
| #define PACKAGE_TARNAME ""
| #define PACKAGE_VERSION ""
| #define PACKAGE_STRING ""
| #define PACKAGE_BUGREPORT ""
| #define PACKAGE_URL ""
| #define PACKAGE "resid"
| #define VERSION "0.16vice"
| /* end confdefs.h.  */
| #include <ac_nonexistent.h>
configure:3960: checking for grep that handles long lines and -e
configure:4018: result: /usr/bin/grep
configure:4023: checking for egrep
configure:4085: result: /usr/bin/grep -E
configure:4090: checking for ANSI C header files
configure:4110: /usr/bin/clang++ -arch x86_64 -isysroot /Applications/Xcode.app/Contents/Developer/Platforms/MacOSX.platform/Developer/SDKs/MacOSX10.7.sdk -mmacosx-version-min=10.7 -c -g -Wall -O3 -ffast-math  -fno-exceptions -fno-pic -I/Users/sid/Sources/vice-emu/trunk/vice/extlib/x86_64-10.7-clang/include conftest.cpp >&5
clang: warning: argument unused during compilation: '-fno-pic'
configure:4110: $? = 0
configure:4183: /usr/bin/clang++ -arch x86_64 -isysroot /Applications/Xcode.app/Contents/Developer/Platforms/MacOSX.platform/Developer/SDKs/MacOSX10.7.sdk -mmacosx-version-min=10.7 -o conftest -g -Wall -O3 -ffast-math  -fno-exceptions -fno-pic -I/Users/sid/Sources/vice-emu/trunk/vice/extlib/x86_64-10.7-clang/include -L/Users/sid/Sources/vice-emu/trunk/vice/extlib/x86_64-10.7-clang/lib  conftest.cpp  >&5
clang: warning: argument unused during compilation: '-fno-pic'
ld: warning: directory not found for option '-L/Users/sid/Sources/vice-emu/trunk/vice/extlib/x86_64-10.7-clang/lib'
configure:4183: $? = 0
configure:4183: ./conftest
configure:4183: $? = 0
configure:4194: result: yes
configure:4207: checking for sys/types.h
configure:4207: /usr/bin/clang++ -arch x86_64 -isysroot /Applications/Xcode.app/Contents/Developer/Platforms/MacOSX.platform/Developer/SDKs/MacOSX10.7.sdk -mmacosx-version-min=10.7 -c -g -Wall -O3 -ffast-math  -fno-exceptions -fno-pic -I/Users/sid/Sources/vice-emu/trunk/vice/extlib/x86_64-10.7-clang/include conftest.cpp >&5
clang: warning: argument unused during compilation: '-fno-pic'
configure:4207: $? = 0
configure:4207: result: yes
configure:4207: checking for sys/stat.h
configure:4207: /usr/bin/clang++ -arch x86_64 -isysroot /Applications/Xcode.app/Contents/Developer/Platforms/MacOSX.platform/Developer/SDKs/MacOSX10.7.sdk -mmacosx-version-min=10.7 -c -g -Wall -O3 -ffast-math  -fno-exceptions -fno-pic -I/Users/sid/Sources/vice-emu/trunk/vice/extlib/x86_64-10.7-clang/include conftest.cpp >&5
clang: warning: argument unused during compilation: '-fno-pic'
configure:4207: $? = 0
configure:4207: result: yes
configure:4207: checking for stdlib.h
configure:4207: /usr/bin/clang++ -arch x86_64 -isysroot /Applications/Xcode.app/Contents/Developer/Platforms/MacOSX.platform/Developer/SDKs/MacOSX10.7.sdk -mmacosx-version-min=10.7 -c -g -Wall -O3 -ffast-math  -fno-exceptions -fno-pic -I/Users/sid/Sources/vice-emu/trunk/vice/extlib/x86_64-10.7-clang/include conftest.cpp >&5
clang: warning: argument unused during compilation: '-fno-pic'
configure:4207: $? = 0
configure:4207: result: yes
configure:4207: checking for string.h
configure:4207: /usr/bin/clang++ -arch x86_64 -isysroot /Applications/Xcode.app/Contents/Developer/Platforms/MacOSX.platform/Developer/SDKs/MacOSX10.7.sdk -mmacosx-version-min=10.7 -c -g -Wall -O3 -ffast-math  -fno-exceptions -fno-pic -I/Users/sid/Sources/vice-emu/trunk/vice/extlib/x86_64-10.7-clang/include conftest.cpp >&5
clang: warning: argument unused during compilation: '-fno-pic'
configure:4207: $? = 0
configure:4207: result: yes
configure:4207: checking for memory.h
configure:4207: /usr/bin/clang++ -arch x86_64 -isysroot /Applications/Xcode.app/Contents/Developer/Platforms/MacOSX.platform/Developer/SDKs/MacOSX10.7.sdk -mmacosx-version-min=10.7 -c -g -Wall -O3 -ffast-math  -fno-exceptions -fno-pic -I/Users/sid/Sources/vice-emu/trunk/vice/extlib/x86_64-10.7-clang/include conftest.cpp >&5
clang: warning: argument unused during compilation: '-fno-pic'
configure:4207: $? = 0
configure:4207: result: yes
configure:4207: checking for strings.h
configure:4207: /usr/bin/clang++ -arch x86_64 -isysroot /Applications/Xcode.app/Contents/Developer/Platforms/MacOSX.platform/Developer/SDKs/MacOSX10.7.sdk -mmacosx-version-min=10.7 -c -g -Wall -O3 -ffast-math  -fno-exceptions -fno-pic -I/Users/sid/Sources/vice-emu/trunk/vice/extlib/x86_64-10.7-clang/include conftest.cpp >&5
clang: warning: argument unused during compilation: '-fno-pic'
configure:4207: $? = 0
configure:4207: result: yes
configure:4207: checking for inttypes.h
configure:4207: /usr/bin/clang++ -arch x86_64 -isysroot /Applications/Xcode.app/Contents/Developer/Platforms/MacOSX.platform/Developer/SDKs/MacOSX10.7.sdk -mmacosx-version-min=10.7 -c -g -Wall -O3 -ffast-math  -fno-exceptions -fno-pic -I/Users/sid/Sources/vice-emu/trunk/vice/extlib/x86_64-10.7-clang/include conftest.cpp >&5
clang: warning: argument unused during compilation: '-fno-pic'
configure:4207: $? = 0
configure:4207: result: yes
configure:4207: checking for stdint.h
configure:4207: /usr/bin/clang++ -arch x86_64 -isysroot /Applications/Xcode.app/Contents/Developer/Platforms/MacOSX.platform/Developer/SDKs/MacOSX10.7.sdk -mmacosx-version-min=10.7 -c -g -Wall -O3 -ffast-math  -fno-exceptions -fno-pic -I/Users/sid/Sources/vice-emu/trunk/vice/extlib/x86_64-10.7-clang/include conftest.cpp >&5
clang: warning: argument unused during compilation: '-fno-pic'
configure:4207: $? = 0
configure:4207: result: yes
configure:4207: checking for unistd.h
configure:4207: /usr/bin/clang++ -arch x86_64 -isysroot /Applications/Xcode.app/Contents/Developer/Platforms/MacOSX.platform/Developer/SDKs/MacOSX10.7.sdk -mmacosx-version-min=10.7 -c -g -Wall -O3 -ffast-math  -fno-exceptions -fno-pic -I/Users/sid/Sources/vice-emu/trunk/vice/extlib/x86_64-10.7-clang/include conftest.cpp >&5
clang: warning: argument unused during compilation: '-fno-pic'
configure:4207: $? = 0
configure:4207: result: yes
configure:4224: checking size of int
configure:4229: /usr/bin/clang++ -arch x86_64 -isysroot /Applications/Xcode.app/Contents/Developer/Platforms/MacOSX.platform/Developer/SDKs/MacOSX10.7.sdk -mmacosx-version-min=10.7 -o conftest -g -Wall -O3 -ffast-math  -fno-exceptions -fno-pic -I/Users/sid/Sources/vice-emu/trunk/vice/extlib/x86_64-10.7-clang/include -L/Users/sid/Sources/vice-emu/trunk/vice/extlib/x86_64-10.7-clang/lib  conftest.cpp  >&5
clang: warning: argument unused during compilation: '-fno-pic'
ld: warning: directory not found for option '-L/Users/sid/Sources/vice-emu/trunk/vice/extlib/x86_64-10.7-clang/lib'
configure:4229: $? = 0
configure:4229: ./conftest
configure:4229: $? = 0
configure:4244: result: 4
configure:4259: checking for working bool
configure:4277: /usr/bin/clang++ -arch x86_64 -isysroot /Applications/Xcode.app/Contents/Developer/Platforms/MacOSX.platform/Developer/SDKs/MacOSX10.7.sdk -mmacosx-version-min=10.7 -c -g -Wall -O3 -ffast-math  -fno-exceptions -fno-pic -I/Users/sid/Sources/vice-emu/trunk/vice/extlib/x86_64-10.7-clang/include conftest.cpp >&5
clang: warning: argument unused during compilation: '-fno-pic'
conftest.cpp:27:6: warning: unused variable 'flag' [-Wunused-variable]
bool flag;
     ^
1 warning generated.
configure:4277: $? = 0
configure:4284: result: yes
configure:4322: checking for logf
configure:4322: /usr/bin/clang++ -arch x86_64 -isysroot /Applications/Xcode.app/Contents/Developer/Platforms/MacOSX.platform/Developer/SDKs/MacOSX10.7.sdk -mmacosx-version-min=10.7 -o conftest -g -Wall -O3 -ffast-math  -fno-exceptions -fno-pic -I/Users/sid/Sources/vice-emu/trunk/vice/extlib/x86_64-10.7-clang/include -L/Users/sid/Sources/vice-emu/trunk/vice/extlib/x86_64-10.7-clang/lib  conftest.cpp  >&5
clang: warning: argument unused during compilation: '-fno-pic'
ld: warning: directory not found for option '-L/Users/sid/Sources/vice-emu/trunk/vice/extlib/x86_64-10.7-clang/lib'
configure:4322: $? = 0
configure:4322: result: yes
configure:4322: checking for expf
configure:4322: /usr/bin/clang++ -arch x86_64 -isysroot /Applications/Xcode.app/Contents/Developer/Platforms/MacOSX.platform/Developer/SDKs/MacOSX10.7.sdk -mmacosx-version-min=10.7 -o conftest -g -Wall -O3 -ffast-math  -fno-exceptions -fno-pic -I/Users/sid/Sources/vice-emu/trunk/vice/extlib/x86_64-10.7-clang/include -L/Users/sid/Sources/vice-emu/trunk/vice/extlib/x86_64-10.7-clang/lib  conftest.cpp  >&5
clang: warning: argument unused during compilation: '-fno-pic'
ld: warning: directory not found for option '-L/Users/sid/Sources/vice-emu/trunk/vice/extlib/x86_64-10.7-clang/lib'
configure:4322: $? = 0
configure:4322: result: yes
configure:4334: checking if the logf prototype is present
configure:4348: /usr/bin/clang++ -arch x86_64 -isysroot /Applications/Xcode.app/Contents/Developer/Platforms/MacOSX.platform/Developer/SDKs/MacOSX10.7.sdk -mmacosx-version-min=10.7 -c -g -Wall -O3 -ffast-math  -fno-exceptions -fno-pic -I/Users/sid/Sources/vice-emu/trunk/vice/extlib/x86_64-10.7-clang/include conftest.cpp >&5
clang: warning: argument unused during compilation: '-fno-pic'
conftest.cpp:29:10: warning: conversion specifies type 'int' but the argument has type 'float (*)(float)' [-Wformat]
printf("%d",logf);
        ~^  ~~~~
1 warning generated.
configure:4348: $? = 0
configure:4349: result: yes
configure:4361: checking if the expf prototype is present
configure:4375: /usr/bin/clang++ -arch x86_64 -isysroot /Applications/Xcode.app/Contents/Developer/Platforms/MacOSX.platform/Developer/SDKs/MacOSX10.7.sdk -mmacosx-version-min=10.7 -c -g -Wall -O3 -ffast-math  -fno-exceptions -fno-pic -I/Users/sid/Sources/vice-emu/trunk/vice/extlib/x86_64-10.7-clang/include conftest.cpp >&5
clang: warning: argument unused during compilation: '-fno-pic'
conftest.cpp:29:10: warning: conversion specifies type 'int' but the argument has type 'float (*)(float)' [-Wformat]
printf("%d",expf);
        ~^  ~~~~
1 warning generated.
configure:4375: $? = 0
configure:4376: result: yes
configure:4555: creating ./config.status

## ---------------------- ##
## Running config.status. ##
## ---------------------- ##

This file was extended by config.status, which was
generated by GNU Autoconf 2.65.  Invocation command line was

  CONFIG_FILES    = 
  CONFIG_HEADERS  = 
  CONFIG_LINKS    = 
  CONFIG_COMMANDS = 
  $ ./config.status 

on hubbard.local

config.status:795: creating Makefile
config.status:795: creating siddefs-fp.h
config.status:951: executing depfiles commands

## ---------------- ##
## Cache variables. ##
## ---------------- ##

ac_cv_build=i686-apple-darwin11.3.0
ac_cv_cxx_bool=yes
ac_cv_cxx_compiler_gnu=yes
ac_cv_env_CCC_set=
ac_cv_env_CCC_value=
ac_cv_env_CPPFLAGS_set=set
ac_cv_env_CPPFLAGS_value=-I/Users/sid/Sources/vice-emu/trunk/vice/extlib/x86_64-10.7-clang/include
ac_cv_env_CXXCPP_set=
ac_cv_env_CXXCPP_value=
ac_cv_env_CXXFLAGS_set=
ac_cv_env_CXXFLAGS_value=
ac_cv_env_CXX_set=set
ac_cv_env_CXX_value='/usr/bin/clang++ -arch x86_64 -isysroot /Applications/Xcode.app/Contents/Developer/Platforms/MacOSX.platform/Developer/SDKs/MacOSX10.7.sdk -mmacosx-version-min=10.7'
ac_cv_env_LDFLAGS_set=set
ac_cv_env_LDFLAGS_value='-L/Users/sid/Sources/vice-emu/trunk/vice/extlib/x86_64-10.7-clang/lib '
ac_cv_env_LIBS_set=
ac_cv_env_LIBS_value=
ac_cv_env_build_alias_set=
ac_cv_env_build_alias_value=
ac_cv_env_host_alias_set=set
ac_cv_env_host_alias_value=x86_64-apple-darwin
ac_cv_env_target_alias_set=
ac_cv_env_target_alias_value=
ac_cv_func_expf=yes
ac_cv_func_logf=yes
ac_cv_header_inttypes_h=yes
ac_cv_header_memory_h=yes
ac_cv_header_stdc=yes
ac_cv_header_stdint_h=yes
ac_cv_header_stdlib_h=yes
ac_cv_header_string_h=yes
ac_cv_header_strings_h=yes
ac_cv_header_sys_stat_h=yes
ac_cv_header_sys_types_h=yes
ac_cv_header_unistd_h=yes
ac_cv_host=x86_64-apple-darwin
ac_cv_objext=o
ac_cv_path_EGREP='/usr/bin/grep -E'
ac_cv_path_GREP=/usr/bin/grep
ac_cv_path_PERL=/opt/local/bin/perl
ac_cv_path_install='/opt/local/bin/ginstall -c'
ac_cv_path_mkdir=/opt/local/bin/gmkdir
ac_cv_prog_AR=ar
ac_cv_prog_AWK=awk
ac_cv_prog_CXXCPP='/usr/bin/clang++ -arch x86_64 -isysroot /Applications/Xcode.app/Contents/Developer/Platforms/MacOSX.platform/Developer/SDKs/MacOSX10.7.sdk -mmacosx-version-min=10.7 -E'
ac_cv_prog_ac_ct_RANLIB=ranlib
ac_cv_prog_ac_ct_STRIP=strip
ac_cv_prog_cxx_g=yes
ac_cv_prog_make_make_set=yes
ac_cv_sizeof_int=4
am_cv_CXX_dependencies_compiler_type=gcc3

## ----------------- ##
## Output variables. ##
## ----------------- ##

ACLOCAL='${SHELL} /Users/sid/Sources/vice-emu/trunk/vice/missing --run aclocal-1.11'
AMDEPBACKSLASH='\'
AMDEP_FALSE='#'
AMDEP_TRUE=''
AMTAR='${SHELL} /Users/sid/Sources/vice-emu/trunk/vice/missing --run tar'
AR='ar'
AUTOCONF='${SHELL} /Users/sid/Sources/vice-emu/trunk/vice/missing --run autoconf'
AUTOHEADER='${SHELL} /Users/sid/Sources/vice-emu/trunk/vice/missing --run autoheader'
AUTOMAKE='${SHELL} /Users/sid/Sources/vice-emu/trunk/vice/missing --run automake-1.11'
AWK='awk'
CPPFLAGS='-I/Users/sid/Sources/vice-emu/trunk/vice/extlib/x86_64-10.7-clang/include'
CXX='/usr/bin/clang++ -arch x86_64 -isysroot /Applications/Xcode.app/Contents/Developer/Platforms/MacOSX.platform/Developer/SDKs/MacOSX10.7.sdk -mmacosx-version-min=10.7'
CXXCPP='/usr/bin/clang++ -arch x86_64 -isysroot /Applications/Xcode.app/Contents/Developer/Platforms/MacOSX.platform/Developer/SDKs/MacOSX10.7.sdk -mmacosx-version-min=10.7 -E'
CXXDEPMODE='depmode=gcc3'
CXXFLAGS='-g -Wall -O3 -ffast-math  -fno-exceptions -fno-pic'
CYGPATH_W='echo'
DEFS='-DPACKAGE_NAME=\"\" -DPACKAGE_TARNAME=\"\" -DPACKAGE_VERSION=\"\" -DPACKAGE_STRING=\"\" -DPACKAGE_BUGREPORT=\"\" -DPACKAGE_URL=\"\" -DPACKAGE=\"resid\" -DVERSION=\"0.16vice\" -DSTDC_HEADERS=1 -DHAVE_SYS_TYPES_H=1 -DHAVE_SYS_STAT_H=1 -DHAVE_STDLIB_H=1 -DHAVE_STRING_H=1 -DHAVE_MEMORY_H=1 -DHAVE_STRINGS_H=1 -DHAVE_INTTYPES_H=1 -DHAVE_STDINT_H=1 -DHAVE_UNISTD_H=1 -DSIZEOF_INT=4 -DHAVE_LOGF=1 -DHAVE_EXPF=1'
DEPDIR='.deps'
ECHO_C='\c'
ECHO_N=''
ECHO_T=''
EGREP='/usr/bin/grep -E'
EXEEXT=''
GREP='/usr/bin/grep'
HAVE_EXPF_PROTOTYPE='1'
HAVE_LOGF_PROTOTYPE='1'
INSTALL_DATA='${INSTALL} -m 644'
INSTALL_PROGRAM='${INSTALL}'
INSTALL_SCRIPT='${INSTALL}'
INSTALL_STRIP_PROGRAM='$(install_sh) -c -s'
LDFLAGS='-L/Users/sid/Sources/vice-emu/trunk/vice/extlib/x86_64-10.7-clang/lib '
LIBOBJS=''
LIBS=''
LTLIBOBJS=''
MAKEINFO='${SHELL} /Users/sid/Sources/vice-emu/trunk/vice/missing --run makeinfo'
MKDIR_P='/opt/local/bin/gmkdir -p'
OBJEXT='o'
PACKAGE='resid'
PACKAGE_BUGREPORT=''
PACKAGE_NAME=''
PACKAGE_STRING=''
PACKAGE_TARNAME=''
PACKAGE_URL=''
PACKAGE_VERSION=''
PATH_SEPARATOR=':'
PERL='/opt/local/bin/perl'
RANLIB='ranlib'
RESID_HAVE_BOOL='1'
RESID_INLINE='inline'
RESID_USE_SSE='0'
SET_MAKE=''
SHELL='/bin/sh'
STRIP='strip'
USE_SSE_FALSE=''
USE_SSE_TRUE='#'
VERSION='0.16vice'
ac_ct_CXX=''
am__EXEEXT_FALSE=''
am__EXEEXT_TRUE='#'
am__fastdepCXX_FALSE='#'
am__fastdepCXX_TRUE=''
am__include='include'
am__isrc=' -I$(srcdir)'
am__leading_dot='.'
am__quote=''
am__tar='${AMTAR} chof - "$$tardir"'
am__untar='${AMTAR} xf -'
bindir='${exec_prefix}/bin'
build='i686-apple-darwin11.3.0'
build_alias=''
build_cpu='i686'
build_os='darwin11.3.0'
build_vendor='apple'
datadir='${datarootdir}'
datarootdir='${prefix}/share'
docdir='${datarootdir}/doc/${PACKAGE}'
dvidir='${docdir}'
exec_prefix='${prefix}'
host='x86_64-apple-darwin'
host_alias='x86_64-apple-darwin'
host_cpu='x86_64'
host_os='darwin'
host_vendor='apple'
htmldir='${docdir}'
includedir='${prefix}/include'
infodir='${datarootdir}/info'
install_sh='${SHELL} /Users/sid/Sources/vice-emu/trunk/vice/install-sh'
libdir='${exec_prefix}/lib'
libexecdir='${exec_prefix}/libexec'
localedir='${datarootdir}/locale'
localstatedir='${prefix}/var'
mandir='${datarootdir}/man'
mkdir_p='/opt/local/bin/gmkdir -p'
oldincludedir='/usr/include'
pdfdir='${docdir}'
prefix='/usr/local'
program_transform_name='s,x,x,'
psdir='${docdir}'
sbindir='${exec_prefix}/sbin'
sharedstatedir='${prefix}/com'
sysconfdir='${prefix}/etc'
target_alias=''

## ----------- ##
## confdefs.h. ##
## ----------- ##

/* confdefs.h */
#define PACKAGE_NAME ""
#define PACKAGE_TARNAME ""
#define PACKAGE_VERSION ""
#define PACKAGE_STRING ""
#define PACKAGE_BUGREPORT ""
#define PACKAGE_URL ""
#define PACKAGE "resid"
#define VERSION "0.16vice"
#define STDC_HEADERS 1
#define HAVE_SYS_TYPES_H 1
#define HAVE_SYS_STAT_H 1
#define HAVE_STDLIB_H 1
#define HAVE_STRING_H 1
#define HAVE_MEMORY_H 1
#define HAVE_STRINGS_H 1
#define HAVE_INTTYPES_H 1
#define HAVE_STDINT_H 1
#define HAVE_UNISTD_H 1
#define SIZEOF_INT 4
#define HAVE_LOGF 1
#define HAVE_EXPF 1

configure: exit 0
