This file contains any messages produced by compilers while
running configure, to aid debugging if configure makes a mistake.

It was created by reSID configure 1.0-pre2, which was
generated by GNU Autoconf 2.65.  Invocation command line was

  $ /Users/sid/Sources/vice-emu/trunk/vice/src/resid/configure --disable-option-checking --prefix=/usr/local --host=x86_64-apple-darwin --disable-sse --with-cocoa --disable-nls --x-includes=/Applications/Xcode.app/Contents/Developer/Platforms/MacOSX.platform/Developer/SDKs/MacOSX10.7.sdk/usr/X11R6/include --x-libraries=/Applications/Xcode.app/Contents/Developer/Platforms/MacOSX.platform/Developer/SDKs/MacOSX10.7.sdk/usr/X11R6/lib host_alias=x86_64-apple-darwin CC=/usr/bin/clang -arch x86_64 -isysroot /Applications/Xcode.app/Contents/Developer/Platforms/MacOSX.platform/Developer/SDKs/MacOSX10.7.sdk -mmacosx-version-min=10.7 CFLAGS=-O3 LDFLAGS=-L/Users/sid/Sources/vice-emu/trunk/vice/extlib/x86_64-10.7-clang/lib  CPPFLAGS=-I/Users/sid/Sources/vice-emu/trunk/vice/extlib/x86_64-10.7-clang/include CXX=/usr/bin/clang++ -arch x86_64 -isysroot /Applications/Xcode.app/Contents/Developer/Platforms/MacOSX.platform/Developer/SDKs/MacOSX10.7.sdk -mmacosx-version-min=10.7 --cache-file=/dev/null --srcdir=/Users/sid/Sources/vice-emu/trunk/vice/src/resid

## --------- ##
## Platform. ##
## --------- ##

hostname = hubbard.local
uname -m = x86_64
uname -r = 11.3.0
uname -s = Darwin
uname -v = Darwin Kernel Version 11.3.0: Thu Jan 12 18:47:41 PST 2012; root:xnu-1699.24.23~1/RELEASE_X86_64

/usr/bin/uname -p = i386
/bin/uname -X     = unknown

/bin/arch              = unknown
/usr/bin/arch -k       = unknown
/usr/convex/getsysinfo = unknown
/usr/bin/hostinfo      = Mach kernel version:
	 Darwin Kernel Version 11.3.0: Thu Jan 12 18:47:41 PST 2012; root:xnu-1699.24.23~1/RELEASE_X86_64
Kernel configured for up to 4 processors.
4 processors are physically available.
4 processors are logically available.
Processor type: i486 (Intel 80486)
Processors active: 0 1 2 3
Primary memory available: 8.00 gigabytes
Default processor set: 131 tasks, 653 threads, 4 processors
Load average: 2.13, Mach factor: 1.86
/bin/machine           = unknown
/usr/bin/oslevel       = unknown
/bin/universe          = unknown

PATH: /Users/sid/Sources/vice-emu/trunk/vice/extlib/i386-10.7-clang/bin
PATH: /usr/X11R6/bin
PATH: /opt/local/bin
PATH: /opt/local/sbin
PATH: /sw/bin
PATH: /sw/sbin
PATH: /usr/bin
PATH: /bin
PATH: /usr/sbin
PATH: /sbin
PATH: /usr/local/bin
PATH: /usr/X11/bin
PATH: /usr/X11R6/bin
PATH: /usr/local/arm-apple-darwin/bin/
PATH: /usr/local/arm-apple-darwin/bin/
PATH: /usr/local/arm-apple-darwin/bin/


## ----------- ##
## Core tests. ##
## ----------- ##

configure:2229: checking for a BSD-compatible install
configure:2297: result: /opt/local/bin/ginstall -c
configure:2308: checking whether build environment is sane
configure:2358: result: yes
configure:2407: checking for x86_64-apple-darwin-strip
configure:2437: result: no
configure:2447: checking for strip
configure:2463: found /usr/bin/strip
configure:2474: result: strip
configure:2499: checking for a thread-safe mkdir -p
configure:2538: result: /opt/local/bin/gmkdir -p
configure:2551: checking for gawk
configure:2581: result: no
configure:2551: checking for mawk
configure:2581: result: no
configure:2551: checking for nawk
configure:2581: result: no
configure:2551: checking for awk
configure:2567: found /usr/bin/awk
configure:2578: result: awk
configure:2589: checking whether make sets $(MAKE)
configure:2611: result: yes
configure:2857: checking for C++ compiler version
configure:2866: /usr/bin/clang++ -arch x86_64 -isysroot /Applications/Xcode.app/Contents/Developer/Platforms/MacOSX.platform/Developer/SDKs/MacOSX10.7.sdk -mmacosx-version-min=10.7 --version >&5
Apple clang version 3.1 (tags/Apple/clang-318.0.54) (based on LLVM 3.1svn)
Target: x86_64-apple-darwin11.3.0
Thread model: posix
configure:2877: $? = 0
configure:2866: /usr/bin/clang++ -arch x86_64 -isysroot /Applications/Xcode.app/Contents/Developer/Platforms/MacOSX.platform/Developer/SDKs/MacOSX10.7.sdk -mmacosx-version-min=10.7 -v >&5
Apple clang version 3.1 (tags/Apple/clang-318.0.54) (based on LLVM 3.1svn)
Target: x86_64-apple-darwin11.3.0
Thread model: posix
clang: warning: argument unused during compilation: '-isysroot /Applications/Xcode.app/Contents/Developer/Platforms/MacOSX.platform/Developer/SDKs/MacOSX10.7.sdk'
clang: warning: argument unused during compilation: '-mmacosx-version-min=10.7'
configure:2877: $? = 0
configure:2866: /usr/bin/clang++ -arch x86_64 -isysroot /Applications/Xcode.app/Contents/Developer/Platforms/MacOSX.platform/Developer/SDKs/MacOSX10.7.sdk -mmacosx-version-min=10.7 -V >&5
clang: error: argument to '-V' is missing (expected 1 value)
clang: error: no input files
configure:2877: $? = 1
configure:2866: /usr/bin/clang++ -arch x86_64 -isysroot /Applications/Xcode.app/Contents/Developer/Platforms/MacOSX.platform/Developer/SDKs/MacOSX10.7.sdk -mmacosx-version-min=10.7 -qversion >&5
clang: error: no input files
configure:2877: $? = 1
configure:2897: checking whether the C++ compiler works
configure:2919: /usr/bin/clang++ -arch x86_64 -isysroot /Applications/Xcode.app/Contents/Developer/Platforms/MacOSX.platform/Developer/SDKs/MacOSX10.7.sdk -mmacosx-version-min=10.7  -I/Users/sid/Sources/vice-emu/trunk/vice/extlib/x86_64-10.7-clang/include -L/Users/sid/Sources/vice-emu/trunk/vice/extlib/x86_64-10.7-clang/lib  conftest.cpp  >&5
ld: warning: directory not found for option '-L/Users/sid/Sources/vice-emu/trunk/vice/extlib/x86_64-10.7-clang/lib'
configure:2923: $? = 0
configure:2972: result: yes
configure:2975: checking for C++ compiler default output file name
configure:2977: result: a.out
configure:2983: checking for suffix of executables
configure:2990: /usr/bin/clang++ -arch x86_64 -isysroot /Applications/Xcode.app/Contents/Developer/Platforms/MacOSX.platform/Developer/SDKs/MacOSX10.7.sdk -mmacosx-version-min=10.7 -o conftest  -I/Users/sid/Sources/vice-emu/trunk/vice/extlib/x86_64-10.7-clang/include -L/Users/sid/Sources/vice-emu/trunk/vice/extlib/x86_64-10.7-clang/lib  conftest.cpp  >&5
ld: warning: directory not found for option '-L/Users/sid/Sources/vice-emu/trunk/vice/extlib/x86_64-10.7-clang/lib'
configure:2994: $? = 0
configure:3016: result: 
configure:3038: checking whether we are cross compiling
configure:3046: /usr/bin/clang++ -arch x86_64 -isysroot /Applications/Xcode.app/Contents/Developer/Platforms/MacOSX.platform/Developer/SDKs/MacOSX10.7.sdk -mmacosx-version-min=10.7 -o conftest  -I/Users/sid/Sources/vice-emu/trunk/vice/extlib/x86_64-10.7-clang/include -L/Users/sid/Sources/vice-emu/trunk/vice/extlib/x86_64-10.7-clang/lib  conftest.cpp  >&5
ld: warning: directory not found for option '-L/Users/sid/Sources/vice-emu/trunk/vice/extlib/x86_64-10.7-clang/lib'
configure:3050: $? = 0
configure:3057: ./conftest
configure:3061: $? = 0
configure:3076: result: no
configure:3081: checking for suffix of object files
configure:3103: /usr/bin/clang++ -arch x86_64 -isysroot /Applications/Xcode.app/Contents/Developer/Platforms/MacOSX.platform/Developer/SDKs/MacOSX10.7.sdk -mmacosx-version-min=10.7 -c  -I/Users/sid/Sources/vice-emu/trunk/vice/extlib/x86_64-10.7-clang/include conftest.cpp >&5
configure:3107: $? = 0
configure:3128: result: o
configure:3132: checking whether we are using the GNU C++ compiler
configure:3151: /usr/bin/clang++ -arch x86_64 -isysroot /Applications/Xcode.app/Contents/Developer/Platforms/MacOSX.platform/Developer/SDKs/MacOSX10.7.sdk -mmacosx-version-min=10.7 -c  -I/Users/sid/Sources/vice-emu/trunk/vice/extlib/x86_64-10.7-clang/include conftest.cpp >&5
configure:3151: $? = 0
configure:3160: result: yes
configure:3169: checking whether /usr/bin/clang++ -arch x86_64 -isysroot /Applications/Xcode.app/Contents/Developer/Platforms/MacOSX.platform/Developer/SDKs/MacOSX10.7.sdk -mmacosx-version-min=10.7 accepts -g
configure:3189: /usr/bin/clang++ -arch x86_64 -isysroot /Applications/Xcode.app/Contents/Developer/Platforms/MacOSX.platform/Developer/SDKs/MacOSX10.7.sdk -mmacosx-version-min=10.7 -c -g -I/Users/sid/Sources/vice-emu/trunk/vice/extlib/x86_64-10.7-clang/include conftest.cpp >&5
configure:3189: $? = 0
configure:3230: result: yes
configure:3264: checking for style of include used by make
configure:3292: result: GNU
configure:3317: checking dependency style of /usr/bin/clang++ -arch x86_64 -isysroot /Applications/Xcode.app/Contents/Developer/Platforms/MacOSX.platform/Developer/SDKs/MacOSX10.7.sdk -mmacosx-version-min=10.7
configure:3427: result: gcc3
configure:3447: checking if the compiler supports -march=native
configure:3463: /usr/bin/clang++ -arch x86_64 -isysroot /Applications/Xcode.app/Contents/Developer/Platforms/MacOSX.platform/Developer/SDKs/MacOSX10.7.sdk -mmacosx-version-min=10.7 -c -g -O2 -march=native -I/Users/sid/Sources/vice-emu/trunk/vice/extlib/x86_64-10.7-clang/include conftest.cpp >&5
configure:3463: $? = 0
configure:3464: result: yes
configure:3507: checking whether g++ accepts -g -Wall -O3 -march=native -ffast-math -fno-exceptions
configure:3513: /usr/bin/clang++ -arch x86_64 -isysroot /Applications/Xcode.app/Contents/Developer/Platforms/MacOSX.platform/Developer/SDKs/MacOSX10.7.sdk -mmacosx-version-min=10.7 -c -g -Wall -O3 -march=native -ffast-math -fno-exceptions -I/Users/sid/Sources/vice-emu/trunk/vice/extlib/x86_64-10.7-clang/include conftest.cpp >&5
configure:3513: $? = 0
configure:3514: result: yes
configure:3541: checking for ar
configure:3557: found /usr/bin/ar
configure:3569: result: ar
configure:3580: checking for x86_64-apple-darwin-ranlib
configure:3610: result: no
configure:3620: checking for ranlib
configure:3636: found /usr/bin/ranlib
configure:3647: result: ranlib
configure:3671: checking for perl
configure:3689: found /opt/local/bin/perl
configure:3701: result: /opt/local/bin/perl
configure:3716: checking how to run the C++ preprocessor
configure:3743: /usr/bin/clang++ -arch x86_64 -isysroot /Applications/Xcode.app/Contents/Developer/Platforms/MacOSX.platform/Developer/SDKs/MacOSX10.7.sdk -mmacosx-version-min=10.7 -E -I/Users/sid/Sources/vice-emu/trunk/vice/extlib/x86_64-10.7-clang/include conftest.cpp
configure:3743: $? = 0
configure:3757: /usr/bin/clang++ -arch x86_64 -isysroot /Applications/Xcode.app/Contents/Developer/Platforms/MacOSX.platform/Developer/SDKs/MacOSX10.7.sdk -mmacosx-version-min=10.7 -E -I/Users/sid/Sources/vice-emu/trunk/vice/extlib/x86_64-10.7-clang/include conftest.cpp
conftest.cpp:11:10: fatal error: 'ac_nonexistent.h' file not found
#include <ac_nonexistent.h>
         ^
1 error generated.
configure:3757: $? = 1
configure: failed program was:
| /* confdefs.h */
| #define PACKAGE_NAME "reSID"
| #define PACKAGE_TARNAME "resid"
| #define PACKAGE_VERSION "1.0-pre2"
| #define PACKAGE_STRING "reSID 1.0-pre2"
| #define PACKAGE_BUGREPORT "resid@nimrod.no"
| #define PACKAGE_URL ""
| #define PACKAGE "resid"
| #define VERSION "1.0-pre2"
| /* end confdefs.h.  */
| #include <ac_nonexistent.h>
configure:3782: result: /usr/bin/clang++ -arch x86_64 -isysroot /Applications/Xcode.app/Contents/Developer/Platforms/MacOSX.platform/Developer/SDKs/MacOSX10.7.sdk -mmacosx-version-min=10.7 -E
configure:3802: /usr/bin/clang++ -arch x86_64 -isysroot /Applications/Xcode.app/Contents/Developer/Platforms/MacOSX.platform/Developer/SDKs/MacOSX10.7.sdk -mmacosx-version-min=10.7 -E -I/Users/sid/Sources/vice-emu/trunk/vice/extlib/x86_64-10.7-clang/include conftest.cpp
configure:3802: $? = 0
configure:3816: /usr/bin/clang++ -arch x86_64 -isysroot /Applications/Xcode.app/Contents/Developer/Platforms/MacOSX.platform/Developer/SDKs/MacOSX10.7.sdk -mmacosx-version-min=10.7 -E -I/Users/sid/Sources/vice-emu/trunk/vice/extlib/x86_64-10.7-clang/include conftest.cpp
conftest.cpp:11:10: fatal error: 'ac_nonexistent.h' file not found
#include <ac_nonexistent.h>
         ^
1 error generated.
configure:3816: $? = 1
configure: failed program was:
| /* confdefs.h */
| #define PACKAGE_NAME "reSID"
| #define PACKAGE_TARNAME "resid"
| #define PACKAGE_VERSION "1.0-pre2"
| #define PACKAGE_STRING "reSID 1.0-pre2"
| #define PACKAGE_BUGREPORT "resid@nimrod.no"
| #define PACKAGE_URL ""
| #define PACKAGE "resid"
| #define VERSION "1.0-pre2"
| /* end confdefs.h.  */
| #include <ac_nonexistent.h>
configure:3845: checking for grep that handles long lines and -e
configure:3903: result: /usr/bin/grep
configure:3908: checking for egrep
configure:3970: result: /usr/bin/grep -E
configure:3975: checking for ANSI C header files
configure:3995: /usr/bin/clang++ -arch x86_64 -isysroot /Applications/Xcode.app/Contents/Developer/Platforms/MacOSX.platform/Developer/SDKs/MacOSX10.7.sdk -mmacosx-version-min=10.7 -c -g -Wall -O3 -march=native -ffast-math -fno-exceptions -I/Users/sid/Sources/vice-emu/trunk/vice/extlib/x86_64-10.7-clang/include conftest.cpp >&5
configure:3995: $? = 0
configure:4068: /usr/bin/clang++ -arch x86_64 -isysroot /Applications/Xcode.app/Contents/Developer/Platforms/MacOSX.platform/Developer/SDKs/MacOSX10.7.sdk -mmacosx-version-min=10.7 -o conftest -g -Wall -O3 -march=native -ffast-math -fno-exceptions -I/Users/sid/Sources/vice-emu/trunk/vice/extlib/x86_64-10.7-clang/include -L/Users/sid/Sources/vice-emu/trunk/vice/extlib/x86_64-10.7-clang/lib  conftest.cpp  >&5
ld: warning: directory not found for option '-L/Users/sid/Sources/vice-emu/trunk/vice/extlib/x86_64-10.7-clang/lib'
configure:4068: $? = 0
configure:4068: ./conftest
configure:4068: $? = 0
configure:4079: result: yes
configure:4092: checking for sys/types.h
configure:4092: /usr/bin/clang++ -arch x86_64 -isysroot /Applications/Xcode.app/Contents/Developer/Platforms/MacOSX.platform/Developer/SDKs/MacOSX10.7.sdk -mmacosx-version-min=10.7 -c -g -Wall -O3 -march=native -ffast-math -fno-exceptions -I/Users/sid/Sources/vice-emu/trunk/vice/extlib/x86_64-10.7-clang/include conftest.cpp >&5
configure:4092: $? = 0
configure:4092: result: yes
configure:4092: checking for sys/stat.h
configure:4092: /usr/bin/clang++ -arch x86_64 -isysroot /Applications/Xcode.app/Contents/Developer/Platforms/MacOSX.platform/Developer/SDKs/MacOSX10.7.sdk -mmacosx-version-min=10.7 -c -g -Wall -O3 -march=native -ffast-math -fno-exceptions -I/Users/sid/Sources/vice-emu/trunk/vice/extlib/x86_64-10.7-clang/include conftest.cpp >&5
configure:4092: $? = 0
configure:4092: result: yes
configure:4092: checking for stdlib.h
configure:4092: /usr/bin/clang++ -arch x86_64 -isysroot /Applications/Xcode.app/Contents/Developer/Platforms/MacOSX.platform/Developer/SDKs/MacOSX10.7.sdk -mmacosx-version-min=10.7 -c -g -Wall -O3 -march=native -ffast-math -fno-exceptions -I/Users/sid/Sources/vice-emu/trunk/vice/extlib/x86_64-10.7-clang/include conftest.cpp >&5
configure:4092: $? = 0
configure:4092: result: yes
configure:4092: checking for string.h
configure:4092: /usr/bin/clang++ -arch x86_64 -isysroot /Applications/Xcode.app/Contents/Developer/Platforms/MacOSX.platform/Developer/SDKs/MacOSX10.7.sdk -mmacosx-version-min=10.7 -c -g -Wall -O3 -march=native -ffast-math -fno-exceptions -I/Users/sid/Sources/vice-emu/trunk/vice/extlib/x86_64-10.7-clang/include conftest.cpp >&5
configure:4092: $? = 0
configure:4092: result: yes
configure:4092: checking for memory.h
configure:4092: /usr/bin/clang++ -arch x86_64 -isysroot /Applications/Xcode.app/Contents/Developer/Platforms/MacOSX.platform/Developer/SDKs/MacOSX10.7.sdk -mmacosx-version-min=10.7 -c -g -Wall -O3 -march=native -ffast-math -fno-exceptions -I/Users/sid/Sources/vice-emu/trunk/vice/extlib/x86_64-10.7-clang/include conftest.cpp >&5
configure:4092: $? = 0
configure:4092: result: yes
configure:4092: checking for strings.h
configure:4092: /usr/bin/clang++ -arch x86_64 -isysroot /Applications/Xcode.app/Contents/Developer/Platforms/MacOSX.platform/Developer/SDKs/MacOSX10.7.sdk -mmacosx-version-min=10.7 -c -g -Wall -O3 -march=native -ffast-math -fno-exceptions -I/Users/sid/Sources/vice-emu/trunk/vice/extlib/x86_64-10.7-clang/include conftest.cpp >&5
configure:4092: $? = 0
configure:4092: result: yes
configure:4092: checking for inttypes.h
configure:4092: /usr/bin/clang++ -arch x86_64 -isysroot /Applications/Xcode.app/Contents/Developer/Platforms/MacOSX.platform/Developer/SDKs/MacOSX10.7.sdk -mmacosx-version-min=10.7 -c -g -Wall -O3 -march=native -ffast-math -fno-exceptions -I/Users/sid/Sources/vice-emu/trunk/vice/extlib/x86_64-10.7-clang/include conftest.cpp >&5
configure:4092: $? = 0
configure:4092: result: yes
configure:4092: checking for stdint.h
configure:4092: /usr/bin/clang++ -arch x86_64 -isysroot /Applications/Xcode.app/Contents/Developer/Platforms/MacOSX.platform/Developer/SDKs/MacOSX10.7.sdk -mmacosx-version-min=10.7 -c -g -Wall -O3 -march=native -ffast-math -fno-exceptions -I/Users/sid/Sources/vice-emu/trunk/vice/extlib/x86_64-10.7-clang/include conftest.cpp >&5
configure:4092: $? = 0
configure:4092: result: yes
configure:4092: checking for unistd.h
configure:4092: /usr/bin/clang++ -arch x86_64 -isysroot /Applications/Xcode.app/Contents/Developer/Platforms/MacOSX.platform/Developer/SDKs/MacOSX10.7.sdk -mmacosx-version-min=10.7 -c -g -Wall -O3 -march=native -ffast-math -fno-exceptions -I/Users/sid/Sources/vice-emu/trunk/vice/extlib/x86_64-10.7-clang/include conftest.cpp >&5
configure:4092: $? = 0
configure:4092: result: yes
configure:4105: checking math.h usability
configure:4105: /usr/bin/clang++ -arch x86_64 -isysroot /Applications/Xcode.app/Contents/Developer/Platforms/MacOSX.platform/Developer/SDKs/MacOSX10.7.sdk -mmacosx-version-min=10.7 -c -g -Wall -O3 -march=native -ffast-math -fno-exceptions -I/Users/sid/Sources/vice-emu/trunk/vice/extlib/x86_64-10.7-clang/include conftest.cpp >&5
configure:4105: $? = 0
configure:4105: result: yes
configure:4105: checking math.h presence
configure:4105: /usr/bin/clang++ -arch x86_64 -isysroot /Applications/Xcode.app/Contents/Developer/Platforms/MacOSX.platform/Developer/SDKs/MacOSX10.7.sdk -mmacosx-version-min=10.7 -E -I/Users/sid/Sources/vice-emu/trunk/vice/extlib/x86_64-10.7-clang/include conftest.cpp
configure:4105: $? = 0
configure:4105: result: yes
configure:4105: checking for math.h
configure:4105: result: yes
configure:4118: checking size of int
configure:4123: /usr/bin/clang++ -arch x86_64 -isysroot /Applications/Xcode.app/Contents/Developer/Platforms/MacOSX.platform/Developer/SDKs/MacOSX10.7.sdk -mmacosx-version-min=10.7 -o conftest -g -Wall -O3 -march=native -ffast-math -fno-exceptions -I/Users/sid/Sources/vice-emu/trunk/vice/extlib/x86_64-10.7-clang/include -L/Users/sid/Sources/vice-emu/trunk/vice/extlib/x86_64-10.7-clang/lib  conftest.cpp  >&5
ld: warning: directory not found for option '-L/Users/sid/Sources/vice-emu/trunk/vice/extlib/x86_64-10.7-clang/lib'
configure:4123: $? = 0
configure:4123: ./conftest
configure:4123: $? = 0
configure:4138: result: 4
configure:4153: checking for working bool
configure:4162: /usr/bin/clang++ -arch x86_64 -isysroot /Applications/Xcode.app/Contents/Developer/Platforms/MacOSX.platform/Developer/SDKs/MacOSX10.7.sdk -mmacosx-version-min=10.7 -c -g -Wall -O3 -march=native -ffast-math -fno-exceptions -I/Users/sid/Sources/vice-emu/trunk/vice/extlib/x86_64-10.7-clang/include conftest.cpp >&5
configure:4162: $? = 0
configure:4169: result: yes
configure:4180: checking for __builtin_expect
configure:4189: /usr/bin/clang++ -arch x86_64 -isysroot /Applications/Xcode.app/Contents/Developer/Platforms/MacOSX.platform/Developer/SDKs/MacOSX10.7.sdk -mmacosx-version-min=10.7 -c -g -Wall -O3 -march=native -ffast-math -fno-exceptions -I/Users/sid/Sources/vice-emu/trunk/vice/extlib/x86_64-10.7-clang/include conftest.cpp >&5
conftest.cpp:22:14: warning: ignoring return value of function declared with const attribute [-Wunused-value]
int main() { __builtin_expect(0, 0); }
             ^~~~~~~~~~~~~~~~ ~~~~
1 warning generated.
configure:4189: $? = 0
configure:4196: result: yes
configure:4363: creating ./config.status

## ---------------------- ##
## Running config.status. ##
## ---------------------- ##

This file was extended by reSID config.status 1.0-pre2, which was
generated by GNU Autoconf 2.65.  Invocation command line was

  CONFIG_FILES    = 
  CONFIG_HEADERS  = 
  CONFIG_LINKS    = 
  CONFIG_COMMANDS = 
  $ ./config.status 

on hubbard.local

config.status:785: creating Makefile
config.status:785: creating siddefs.h
config.status:941: executing depfiles commands

## ---------------- ##
## Cache variables. ##
## ---------------- ##

ac_cv_cxx_compiler_gnu=yes
ac_cv_env_CCC_set=
ac_cv_env_CCC_value=
ac_cv_env_CPPFLAGS_set=set
ac_cv_env_CPPFLAGS_value=-I/Users/sid/Sources/vice-emu/trunk/vice/extlib/x86_64-10.7-clang/include
ac_cv_env_CXXCPP_set=
ac_cv_env_CXXCPP_value=
ac_cv_env_CXXFLAGS_set=
ac_cv_env_CXXFLAGS_value=
ac_cv_env_CXX_set=set
ac_cv_env_CXX_value='/usr/bin/clang++ -arch x86_64 -isysroot /Applications/Xcode.app/Contents/Developer/Platforms/MacOSX.platform/Developer/SDKs/MacOSX10.7.sdk -mmacosx-version-min=10.7'
ac_cv_env_LDFLAGS_set=set
ac_cv_env_LDFLAGS_value='-L/Users/sid/Sources/vice-emu/trunk/vice/extlib/x86_64-10.7-clang/lib '
ac_cv_env_LIBS_set=
ac_cv_env_LIBS_value=
ac_cv_env_build_alias_set=
ac_cv_env_build_alias_value=
ac_cv_env_host_alias_set=set
ac_cv_env_host_alias_value=x86_64-apple-darwin
ac_cv_env_target_alias_set=
ac_cv_env_target_alias_value=
ac_cv_header_inttypes_h=yes
ac_cv_header_math_h=yes
ac_cv_header_memory_h=yes
ac_cv_header_stdc=yes
ac_cv_header_stdint_h=yes
ac_cv_header_stdlib_h=yes
ac_cv_header_string_h=yes
ac_cv_header_strings_h=yes
ac_cv_header_sys_stat_h=yes
ac_cv_header_sys_types_h=yes
ac_cv_header_unistd_h=yes
ac_cv_objext=o
ac_cv_path_EGREP='/usr/bin/grep -E'
ac_cv_path_GREP=/usr/bin/grep
ac_cv_path_PERL=/opt/local/bin/perl
ac_cv_path_install='/opt/local/bin/ginstall -c'
ac_cv_path_mkdir=/opt/local/bin/gmkdir
ac_cv_prog_AR=ar
ac_cv_prog_AWK=awk
ac_cv_prog_CXXCPP='/usr/bin/clang++ -arch x86_64 -isysroot /Applications/Xcode.app/Contents/Developer/Platforms/MacOSX.platform/Developer/SDKs/MacOSX10.7.sdk -mmacosx-version-min=10.7 -E'
ac_cv_prog_ac_ct_RANLIB=ranlib
ac_cv_prog_ac_ct_STRIP=strip
ac_cv_prog_cxx_g=yes
ac_cv_prog_make_make_set=yes
ac_cv_sizeof_int=4
am_cv_CXX_dependencies_compiler_type=gcc3
resid_cv_builtin_expect=yes
resid_cv_cxx_bool=yes

## ----------------- ##
## Output variables. ##
## ----------------- ##

ACLOCAL='${SHELL} /Users/sid/Sources/vice-emu/trunk/vice/missing --run aclocal-1.11'
AMDEPBACKSLASH='\'
AMDEP_FALSE='#'
AMDEP_TRUE=''
AMTAR='${SHELL} /Users/sid/Sources/vice-emu/trunk/vice/missing --run tar'
AR='ar'
AUTOCONF='${SHELL} /Users/sid/Sources/vice-emu/trunk/vice/missing --run autoconf'
AUTOHEADER='${SHELL} /Users/sid/Sources/vice-emu/trunk/vice/missing --run autoheader'
AUTOMAKE='${SHELL} /Users/sid/Sources/vice-emu/trunk/vice/missing --run automake-1.11'
AWK='awk'
CPPFLAGS='-I/Users/sid/Sources/vice-emu/trunk/vice/extlib/x86_64-10.7-clang/include'
CXX='/usr/bin/clang++ -arch x86_64 -isysroot /Applications/Xcode.app/Contents/Developer/Platforms/MacOSX.platform/Developer/SDKs/MacOSX10.7.sdk -mmacosx-version-min=10.7'
CXXCPP='/usr/bin/clang++ -arch x86_64 -isysroot /Applications/Xcode.app/Contents/Developer/Platforms/MacOSX.platform/Developer/SDKs/MacOSX10.7.sdk -mmacosx-version-min=10.7 -E'
CXXDEPMODE='depmode=gcc3'
CXXFLAGS='-g -Wall -O3 -march=native -ffast-math -fno-exceptions'
CYGPATH_W='echo'
DEFS='-DPACKAGE_NAME=\"reSID\" -DPACKAGE_TARNAME=\"resid\" -DPACKAGE_VERSION=\"1.0-pre2\" -DPACKAGE_STRING=\"reSID\ 1.0-pre2\" -DPACKAGE_BUGREPORT=\"resid@nimrod.no\" -DPACKAGE_URL=\"\" -DPACKAGE=\"resid\" -DVERSION=\"1.0-pre2\" -DSTDC_HEADERS=1 -DHAVE_SYS_TYPES_H=1 -DHAVE_SYS_STAT_H=1 -DHAVE_STDLIB_H=1 -DHAVE_STRING_H=1 -DHAVE_MEMORY_H=1 -DHAVE_STRINGS_H=1 -DHAVE_INTTYPES_H=1 -DHAVE_STDINT_H=1 -DHAVE_UNISTD_H=1 -DSIZEOF_INT=4'
DEPDIR='.deps'
ECHO_C='\c'
ECHO_N=''
ECHO_T=''
EGREP='/usr/bin/grep -E'
EXEEXT=''
GREP='/usr/bin/grep'
HAVE_BOOL='1'
HAVE_BUILTIN_EXPECT='1'
INSTALL_DATA='${INSTALL} -m 644'
INSTALL_PROGRAM='${INSTALL}'
INSTALL_SCRIPT='${INSTALL}'
INSTALL_STRIP_PROGRAM='$(install_sh) -c -s'
LDFLAGS='-L/Users/sid/Sources/vice-emu/trunk/vice/extlib/x86_64-10.7-clang/lib '
LIBOBJS=''
LIBS=''
LTLIBOBJS=''
MAKEINFO='${SHELL} /Users/sid/Sources/vice-emu/trunk/vice/missing --run makeinfo'
MKDIR_P='/opt/local/bin/gmkdir -p'
OBJEXT='o'
PACKAGE='resid'
PACKAGE_BUGREPORT='resid@nimrod.no'
PACKAGE_NAME='reSID'
PACKAGE_STRING='reSID 1.0-pre2'
PACKAGE_TARNAME='resid'
PACKAGE_URL=''
PACKAGE_VERSION='1.0-pre2'
PATH_SEPARATOR=':'
PERL='/opt/local/bin/perl'
RANLIB='ranlib'
RESID_BRANCH_HINTS='1'
RESID_INLINE='inline'
RESID_INLINING='1'
SET_MAKE=''
SHELL='/bin/sh'
STRIP='strip'
VERSION='1.0-pre2'
ac_ct_CXX=''
am__EXEEXT_FALSE=''
am__EXEEXT_TRUE='#'
am__fastdepCXX_FALSE='#'
am__fastdepCXX_TRUE=''
am__include='include'
am__isrc=' -I$(srcdir)'
am__leading_dot='.'
am__quote=''
am__tar='${AMTAR} chof - "$$tardir"'
am__untar='${AMTAR} xf -'
bindir='${exec_prefix}/bin'
build_alias=''
datadir='${datarootdir}'
datarootdir='${prefix}/share'
docdir='${datarootdir}/doc/${PACKAGE_TARNAME}'
dvidir='${docdir}'
exec_prefix='${prefix}'
host_alias='x86_64-apple-darwin'
htmldir='${docdir}'
includedir='${prefix}/include'
infodir='${datarootdir}/info'
install_sh='${SHELL} /Users/sid/Sources/vice-emu/trunk/vice/install-sh'
libdir='${exec_prefix}/lib'
libexecdir='${exec_prefix}/libexec'
localedir='${datarootdir}/locale'
localstatedir='${prefix}/var'
mandir='${datarootdir}/man'
mkdir_p='/opt/local/bin/gmkdir -p'
oldincludedir='/usr/include'
pdfdir='${docdir}'
prefix='/usr/local'
program_transform_name='s,x,x,'
psdir='${docdir}'
sbindir='${exec_prefix}/sbin'
sharedstatedir='${prefix}/com'
sysconfdir='${prefix}/etc'
target_alias=''

## ----------- ##
## confdefs.h. ##
## ----------- ##

/* confdefs.h */
#define PACKAGE_NAME "reSID"
#define PACKAGE_TARNAME "resid"
#define PACKAGE_VERSION "1.0-pre2"
#define PACKAGE_STRING "reSID 1.0-pre2"
#define PACKAGE_BUGREPORT "resid@nimrod.no"
#define PACKAGE_URL ""
#define PACKAGE "resid"
#define VERSION "1.0-pre2"
#define STDC_HEADERS 1
#define HAVE_SYS_TYPES_H 1
#define HAVE_SYS_STAT_H 1
#define HAVE_STDLIB_H 1
#define HAVE_STRING_H 1
#define HAVE_MEMORY_H 1
#define HAVE_STRINGS_H 1
#define HAVE_INTTYPES_H 1
#define HAVE_STDINT_H 1
#define HAVE_UNISTD_H 1
#define SIZEOF_INT 4

configure: exit 0
