This file contains any messages produced by compilers while
running configure, to aid debugging if configure makes a mistake.

It was created by configure, which was
generated by GNU Autoconf 2.65.  Invocation command line was

  $ /Users/sid/Sources/vice-emu/trunk/vice/src/resid-dtv/configure --disable-option-checking --prefix=/usr/local --host=x86_64-apple-darwin --disable-sse --with-cocoa --disable-nls --x-includes=/Applications/Xcode.app/Contents/Developer/Platforms/MacOSX.platform/Developer/SDKs/MacOSX10.7.sdk/usr/X11R6/include --x-libraries=/Applications/Xcode.app/Contents/Developer/Platforms/MacOSX.platform/Developer/SDKs/MacOSX10.7.sdk/usr/X11R6/lib host_alias=x86_64-apple-darwin CC=/usr/bin/clang -arch x86_64 -isysroot /Applications/Xcode.app/Contents/Developer/Platforms/MacOSX.platform/Developer/SDKs/MacOSX10.7.sdk -mmacosx-version-min=10.7 CFLAGS=-O3 LDFLAGS=-L/Users/sid/Sources/vice-emu/trunk/vice/extlib/x86_64-10.7-clang/lib  CPPFLAGS=-I/Users/sid/Sources/vice-emu/trunk/vice/extlib/x86_64-10.7-clang/include CXX=/usr/bin/clang++ -arch x86_64 -isysroot /Applications/Xcode.app/Contents/Developer/Platforms/MacOSX.platform/Developer/SDKs/MacOSX10.7.sdk -mmacosx-version-min=10.7 --cache-file=/dev/null --srcdir=/Users/sid/Sources/vice-emu/trunk/vice/src/resid-dtv

## --------- ##
## Platform. ##
## --------- ##

hostname = hubbard.local
uname -m = x86_64
uname -r = 11.3.0
uname -s = Darwin
uname -v = Darwin Kernel Version 11.3.0: Thu Jan 12 18:47:41 PST 2012; root:xnu-1699.24.23~1/RELEASE_X86_64

/usr/bin/uname -p = i386
/bin/uname -X     = unknown

/bin/arch              = unknown
/usr/bin/arch -k       = unknown
/usr/convex/getsysinfo = unknown
/usr/bin/hostinfo      = Mach kernel version:
	 Darwin Kernel Version 11.3.0: Thu Jan 12 18:47:41 PST 2012; root:xnu-1699.24.23~1/RELEASE_X86_64
Kernel configured for up to 4 processors.
4 processors are physically available.
4 processors are logically available.
Processor type: i486 (Intel 80486)
Processors active: 0 1 2 3
Primary memory available: 8.00 gigabytes
Default processor set: 131 tasks, 650 threads, 4 processors
Load average: 1.49, Mach factor: 2.53
/bin/machine           = unknown
/usr/bin/oslevel       = unknown
/bin/universe          = unknown

PATH: /Users/sid/Sources/vice-emu/trunk/vice/extlib/i386-10.7-clang/bin
PATH: /usr/X11R6/bin
PATH: /opt/local/bin
PATH: /opt/local/sbin
PATH: /sw/bin
PATH: /sw/sbin
PATH: /usr/bin
PATH: /bin
PATH: /usr/sbin
PATH: /sbin
PATH: /usr/local/bin
PATH: /usr/X11/bin
PATH: /usr/X11R6/bin
PATH: /usr/local/arm-apple-darwin/bin/
PATH: /usr/local/arm-apple-darwin/bin/
PATH: /usr/local/arm-apple-darwin/bin/


## ----------- ##
## Core tests. ##
## ----------- ##

configure:2124: checking for a BSD-compatible install
configure:2192: result: /opt/local/bin/ginstall -c
configure:2203: checking whether build environment is sane
configure:2253: result: yes
configure:2302: checking for x86_64-apple-darwin-strip
configure:2332: result: no
configure:2342: checking for strip
configure:2358: found /usr/bin/strip
configure:2369: result: strip
configure:2394: checking for a thread-safe mkdir -p
configure:2433: result: /opt/local/bin/gmkdir -p
configure:2446: checking for gawk
configure:2476: result: no
configure:2446: checking for mawk
configure:2476: result: no
configure:2446: checking for nawk
configure:2476: result: no
configure:2446: checking for awk
configure:2462: found /usr/bin/awk
configure:2473: result: awk
configure:2484: checking whether make sets $(MAKE)
configure:2506: result: yes
configure:2724: checking for C++ compiler version
configure:2733: /usr/bin/clang++ -arch x86_64 -isysroot /Applications/Xcode.app/Contents/Developer/Platforms/MacOSX.platform/Developer/SDKs/MacOSX10.7.sdk -mmacosx-version-min=10.7 --version >&5
Apple clang version 3.1 (tags/Apple/clang-318.0.54) (based on LLVM 3.1svn)
Target: x86_64-apple-darwin11.3.0
Thread model: posix
configure:2744: $? = 0
configure:2733: /usr/bin/clang++ -arch x86_64 -isysroot /Applications/Xcode.app/Contents/Developer/Platforms/MacOSX.platform/Developer/SDKs/MacOSX10.7.sdk -mmacosx-version-min=10.7 -v >&5
Apple clang version 3.1 (tags/Apple/clang-318.0.54) (based on LLVM 3.1svn)
Target: x86_64-apple-darwin11.3.0
Thread model: posix
clang: warning: argument unused during compilation: '-isysroot /Applications/Xcode.app/Contents/Developer/Platforms/MacOSX.platform/Developer/SDKs/MacOSX10.7.sdk'
clang: warning: argument unused during compilation: '-mmacosx-version-min=10.7'
configure:2744: $? = 0
configure:2733: /usr/bin/clang++ -arch x86_64 -isysroot /Applications/Xcode.app/Contents/Developer/Platforms/MacOSX.platform/Developer/SDKs/MacOSX10.7.sdk -mmacosx-version-min=10.7 -V >&5
clang: error: argument to '-V' is missing (expected 1 value)
clang: error: no input files
configure:2744: $? = 1
configure:2733: /usr/bin/clang++ -arch x86_64 -isysroot /Applications/Xcode.app/Contents/Developer/Platforms/MacOSX.platform/Developer/SDKs/MacOSX10.7.sdk -mmacosx-version-min=10.7 -qversion >&5
clang: error: no input files
configure:2744: $? = 1
configure:2764: checking whether the C++ compiler works
configure:2786: /usr/bin/clang++ -arch x86_64 -isysroot /Applications/Xcode.app/Contents/Developer/Platforms/MacOSX.platform/Developer/SDKs/MacOSX10.7.sdk -mmacosx-version-min=10.7  -I/Users/sid/Sources/vice-emu/trunk/vice/extlib/x86_64-10.7-clang/include -L/Users/sid/Sources/vice-emu/trunk/vice/extlib/x86_64-10.7-clang/lib  conftest.cpp  >&5
ld: warning: directory not found for option '-L/Users/sid/Sources/vice-emu/trunk/vice/extlib/x86_64-10.7-clang/lib'
configure:2790: $? = 0
configure:2839: result: yes
configure:2842: checking for C++ compiler default output file name
configure:2844: result: a.out
configure:2850: checking for suffix of executables
configure:2857: /usr/bin/clang++ -arch x86_64 -isysroot /Applications/Xcode.app/Contents/Developer/Platforms/MacOSX.platform/Developer/SDKs/MacOSX10.7.sdk -mmacosx-version-min=10.7 -o conftest  -I/Users/sid/Sources/vice-emu/trunk/vice/extlib/x86_64-10.7-clang/include -L/Users/sid/Sources/vice-emu/trunk/vice/extlib/x86_64-10.7-clang/lib  conftest.cpp  >&5
ld: warning: directory not found for option '-L/Users/sid/Sources/vice-emu/trunk/vice/extlib/x86_64-10.7-clang/lib'
configure:2861: $? = 0
configure:2883: result: 
configure:2905: checking whether we are cross compiling
configure:2913: /usr/bin/clang++ -arch x86_64 -isysroot /Applications/Xcode.app/Contents/Developer/Platforms/MacOSX.platform/Developer/SDKs/MacOSX10.7.sdk -mmacosx-version-min=10.7 -o conftest  -I/Users/sid/Sources/vice-emu/trunk/vice/extlib/x86_64-10.7-clang/include -L/Users/sid/Sources/vice-emu/trunk/vice/extlib/x86_64-10.7-clang/lib  conftest.cpp  >&5
ld: warning: directory not found for option '-L/Users/sid/Sources/vice-emu/trunk/vice/extlib/x86_64-10.7-clang/lib'
configure:2917: $? = 0
configure:2924: ./conftest
configure:2928: $? = 0
configure:2943: result: no
configure:2948: checking for suffix of object files
configure:2970: /usr/bin/clang++ -arch x86_64 -isysroot /Applications/Xcode.app/Contents/Developer/Platforms/MacOSX.platform/Developer/SDKs/MacOSX10.7.sdk -mmacosx-version-min=10.7 -c  -I/Users/sid/Sources/vice-emu/trunk/vice/extlib/x86_64-10.7-clang/include conftest.cpp >&5
configure:2974: $? = 0
configure:2995: result: o
configure:2999: checking whether we are using the GNU C++ compiler
configure:3018: /usr/bin/clang++ -arch x86_64 -isysroot /Applications/Xcode.app/Contents/Developer/Platforms/MacOSX.platform/Developer/SDKs/MacOSX10.7.sdk -mmacosx-version-min=10.7 -c  -I/Users/sid/Sources/vice-emu/trunk/vice/extlib/x86_64-10.7-clang/include conftest.cpp >&5
configure:3018: $? = 0
configure:3027: result: yes
configure:3036: checking whether /usr/bin/clang++ -arch x86_64 -isysroot /Applications/Xcode.app/Contents/Developer/Platforms/MacOSX.platform/Developer/SDKs/MacOSX10.7.sdk -mmacosx-version-min=10.7 accepts -g
configure:3056: /usr/bin/clang++ -arch x86_64 -isysroot /Applications/Xcode.app/Contents/Developer/Platforms/MacOSX.platform/Developer/SDKs/MacOSX10.7.sdk -mmacosx-version-min=10.7 -c -g -I/Users/sid/Sources/vice-emu/trunk/vice/extlib/x86_64-10.7-clang/include conftest.cpp >&5
configure:3056: $? = 0
configure:3097: result: yes
configure:3131: checking for style of include used by make
configure:3159: result: GNU
configure:3184: checking dependency style of /usr/bin/clang++ -arch x86_64 -isysroot /Applications/Xcode.app/Contents/Developer/Platforms/MacOSX.platform/Developer/SDKs/MacOSX10.7.sdk -mmacosx-version-min=10.7
configure:3294: result: gcc3
configure:3313: checking whether the C++ compiler (/usr/bin/clang++ -arch x86_64 -isysroot /Applications/Xcode.app/Contents/Developer/Platforms/MacOSX.platform/Developer/SDKs/MacOSX10.7.sdk -mmacosx-version-min=10.7 -g -Wall -O2 -funroll-loops -fomit-frame-pointer -fno-exceptions -L/Users/sid/Sources/vice-emu/trunk/vice/extlib/x86_64-10.7-clang/lib ) works
configure:3327: /usr/bin/clang++ -arch x86_64 -isysroot /Applications/Xcode.app/Contents/Developer/Platforms/MacOSX.platform/Developer/SDKs/MacOSX10.7.sdk -mmacosx-version-min=10.7 -c -g -Wall -O2 -funroll-loops -fomit-frame-pointer -fno-exceptions -I/Users/sid/Sources/vice-emu/trunk/vice/extlib/x86_64-10.7-clang/include conftest.cpp >&5
conftest.cpp:15:5: warning: unused variable 'test' [-Wunused-variable]
int test;
    ^
1 warning generated.
configure:3327: $? = 0
configure:3328: result: yes
configure:3342: checking for ar
configure:3358: found /usr/bin/ar
configure:3370: result: ar
configure:3381: checking for x86_64-apple-darwin-ranlib
configure:3411: result: no
configure:3421: checking for ranlib
configure:3437: found /usr/bin/ranlib
configure:3448: result: ranlib
configure:3472: checking for perl
configure:3490: found /opt/local/bin/perl
configure:3502: result: /opt/local/bin/perl
configure:3520: checking how to run the C++ preprocessor
configure:3547: /usr/bin/clang++ -arch x86_64 -isysroot /Applications/Xcode.app/Contents/Developer/Platforms/MacOSX.platform/Developer/SDKs/MacOSX10.7.sdk -mmacosx-version-min=10.7 -E -I/Users/sid/Sources/vice-emu/trunk/vice/extlib/x86_64-10.7-clang/include conftest.cpp
configure:3547: $? = 0
configure:3561: /usr/bin/clang++ -arch x86_64 -isysroot /Applications/Xcode.app/Contents/Developer/Platforms/MacOSX.platform/Developer/SDKs/MacOSX10.7.sdk -mmacosx-version-min=10.7 -E -I/Users/sid/Sources/vice-emu/trunk/vice/extlib/x86_64-10.7-clang/include conftest.cpp
conftest.cpp:11:10: fatal error: 'ac_nonexistent.h' file not found
#include <ac_nonexistent.h>
         ^
1 error generated.
configure:3561: $? = 1
configure: failed program was:
| /* confdefs.h */
| #define PACKAGE_NAME ""
| #define PACKAGE_TARNAME ""
| #define PACKAGE_VERSION ""
| #define PACKAGE_STRING ""
| #define PACKAGE_BUGREPORT ""
| #define PACKAGE_URL ""
| #define PACKAGE "resid"
| #define VERSION "0.16vice"
| /* end confdefs.h.  */
| #include <ac_nonexistent.h>
configure:3586: result: /usr/bin/clang++ -arch x86_64 -isysroot /Applications/Xcode.app/Contents/Developer/Platforms/MacOSX.platform/Developer/SDKs/MacOSX10.7.sdk -mmacosx-version-min=10.7 -E
configure:3606: /usr/bin/clang++ -arch x86_64 -isysroot /Applications/Xcode.app/Contents/Developer/Platforms/MacOSX.platform/Developer/SDKs/MacOSX10.7.sdk -mmacosx-version-min=10.7 -E -I/Users/sid/Sources/vice-emu/trunk/vice/extlib/x86_64-10.7-clang/include conftest.cpp
configure:3606: $? = 0
configure:3620: /usr/bin/clang++ -arch x86_64 -isysroot /Applications/Xcode.app/Contents/Developer/Platforms/MacOSX.platform/Developer/SDKs/MacOSX10.7.sdk -mmacosx-version-min=10.7 -E -I/Users/sid/Sources/vice-emu/trunk/vice/extlib/x86_64-10.7-clang/include conftest.cpp
conftest.cpp:11:10: fatal error: 'ac_nonexistent.h' file not found
#include <ac_nonexistent.h>
         ^
1 error generated.
configure:3620: $? = 1
configure: failed program was:
| /* confdefs.h */
| #define PACKAGE_NAME ""
| #define PACKAGE_TARNAME ""
| #define PACKAGE_VERSION ""
| #define PACKAGE_STRING ""
| #define PACKAGE_BUGREPORT ""
| #define PACKAGE_URL ""
| #define PACKAGE "resid"
| #define VERSION "0.16vice"
| /* end confdefs.h.  */
| #include <ac_nonexistent.h>
configure:3649: checking for grep that handles long lines and -e
configure:3707: result: /usr/bin/grep
configure:3712: checking for egrep
configure:3774: result: /usr/bin/grep -E
configure:3779: checking for ANSI C header files
configure:3799: /usr/bin/clang++ -arch x86_64 -isysroot /Applications/Xcode.app/Contents/Developer/Platforms/MacOSX.platform/Developer/SDKs/MacOSX10.7.sdk -mmacosx-version-min=10.7 -c -g -Wall -O2 -funroll-loops -fomit-frame-pointer -fno-exceptions -I/Users/sid/Sources/vice-emu/trunk/vice/extlib/x86_64-10.7-clang/include conftest.cpp >&5
configure:3799: $? = 0
configure:3872: /usr/bin/clang++ -arch x86_64 -isysroot /Applications/Xcode.app/Contents/Developer/Platforms/MacOSX.platform/Developer/SDKs/MacOSX10.7.sdk -mmacosx-version-min=10.7 -o conftest -g -Wall -O2 -funroll-loops -fomit-frame-pointer -fno-exceptions -I/Users/sid/Sources/vice-emu/trunk/vice/extlib/x86_64-10.7-clang/include -L/Users/sid/Sources/vice-emu/trunk/vice/extlib/x86_64-10.7-clang/lib  conftest.cpp  >&5
ld: warning: directory not found for option '-L/Users/sid/Sources/vice-emu/trunk/vice/extlib/x86_64-10.7-clang/lib'
configure:3872: $? = 0
configure:3872: ./conftest
configure:3872: $? = 0
configure:3883: result: yes
configure:3896: checking for sys/types.h
configure:3896: /usr/bin/clang++ -arch x86_64 -isysroot /Applications/Xcode.app/Contents/Developer/Platforms/MacOSX.platform/Developer/SDKs/MacOSX10.7.sdk -mmacosx-version-min=10.7 -c -g -Wall -O2 -funroll-loops -fomit-frame-pointer -fno-exceptions -I/Users/sid/Sources/vice-emu/trunk/vice/extlib/x86_64-10.7-clang/include conftest.cpp >&5
configure:3896: $? = 0
configure:3896: result: yes
configure:3896: checking for sys/stat.h
configure:3896: /usr/bin/clang++ -arch x86_64 -isysroot /Applications/Xcode.app/Contents/Developer/Platforms/MacOSX.platform/Developer/SDKs/MacOSX10.7.sdk -mmacosx-version-min=10.7 -c -g -Wall -O2 -funroll-loops -fomit-frame-pointer -fno-exceptions -I/Users/sid/Sources/vice-emu/trunk/vice/extlib/x86_64-10.7-clang/include conftest.cpp >&5
configure:3896: $? = 0
configure:3896: result: yes
configure:3896: checking for stdlib.h
configure:3896: /usr/bin/clang++ -arch x86_64 -isysroot /Applications/Xcode.app/Contents/Developer/Platforms/MacOSX.platform/Developer/SDKs/MacOSX10.7.sdk -mmacosx-version-min=10.7 -c -g -Wall -O2 -funroll-loops -fomit-frame-pointer -fno-exceptions -I/Users/sid/Sources/vice-emu/trunk/vice/extlib/x86_64-10.7-clang/include conftest.cpp >&5
configure:3896: $? = 0
configure:3896: result: yes
configure:3896: checking for string.h
configure:3896: /usr/bin/clang++ -arch x86_64 -isysroot /Applications/Xcode.app/Contents/Developer/Platforms/MacOSX.platform/Developer/SDKs/MacOSX10.7.sdk -mmacosx-version-min=10.7 -c -g -Wall -O2 -funroll-loops -fomit-frame-pointer -fno-exceptions -I/Users/sid/Sources/vice-emu/trunk/vice/extlib/x86_64-10.7-clang/include conftest.cpp >&5
configure:3896: $? = 0
configure:3896: result: yes
configure:3896: checking for memory.h
configure:3896: /usr/bin/clang++ -arch x86_64 -isysroot /Applications/Xcode.app/Contents/Developer/Platforms/MacOSX.platform/Developer/SDKs/MacOSX10.7.sdk -mmacosx-version-min=10.7 -c -g -Wall -O2 -funroll-loops -fomit-frame-pointer -fno-exceptions -I/Users/sid/Sources/vice-emu/trunk/vice/extlib/x86_64-10.7-clang/include conftest.cpp >&5
configure:3896: $? = 0
configure:3896: result: yes
configure:3896: checking for strings.h
configure:3896: /usr/bin/clang++ -arch x86_64 -isysroot /Applications/Xcode.app/Contents/Developer/Platforms/MacOSX.platform/Developer/SDKs/MacOSX10.7.sdk -mmacosx-version-min=10.7 -c -g -Wall -O2 -funroll-loops -fomit-frame-pointer -fno-exceptions -I/Users/sid/Sources/vice-emu/trunk/vice/extlib/x86_64-10.7-clang/include conftest.cpp >&5
configure:3896: $? = 0
configure:3896: result: yes
configure:3896: checking for inttypes.h
configure:3896: /usr/bin/clang++ -arch x86_64 -isysroot /Applications/Xcode.app/Contents/Developer/Platforms/MacOSX.platform/Developer/SDKs/MacOSX10.7.sdk -mmacosx-version-min=10.7 -c -g -Wall -O2 -funroll-loops -fomit-frame-pointer -fno-exceptions -I/Users/sid/Sources/vice-emu/trunk/vice/extlib/x86_64-10.7-clang/include conftest.cpp >&5
configure:3896: $? = 0
configure:3896: result: yes
configure:3896: checking for stdint.h
configure:3896: /usr/bin/clang++ -arch x86_64 -isysroot /Applications/Xcode.app/Contents/Developer/Platforms/MacOSX.platform/Developer/SDKs/MacOSX10.7.sdk -mmacosx-version-min=10.7 -c -g -Wall -O2 -funroll-loops -fomit-frame-pointer -fno-exceptions -I/Users/sid/Sources/vice-emu/trunk/vice/extlib/x86_64-10.7-clang/include conftest.cpp >&5
configure:3896: $? = 0
configure:3896: result: yes
configure:3896: checking for unistd.h
configure:3896: /usr/bin/clang++ -arch x86_64 -isysroot /Applications/Xcode.app/Contents/Developer/Platforms/MacOSX.platform/Developer/SDKs/MacOSX10.7.sdk -mmacosx-version-min=10.7 -c -g -Wall -O2 -funroll-loops -fomit-frame-pointer -fno-exceptions -I/Users/sid/Sources/vice-emu/trunk/vice/extlib/x86_64-10.7-clang/include conftest.cpp >&5
configure:3896: $? = 0
configure:3896: result: yes
configure:3913: checking size of int
configure:3918: /usr/bin/clang++ -arch x86_64 -isysroot /Applications/Xcode.app/Contents/Developer/Platforms/MacOSX.platform/Developer/SDKs/MacOSX10.7.sdk -mmacosx-version-min=10.7 -o conftest -g -Wall -O2 -funroll-loops -fomit-frame-pointer -fno-exceptions -I/Users/sid/Sources/vice-emu/trunk/vice/extlib/x86_64-10.7-clang/include -L/Users/sid/Sources/vice-emu/trunk/vice/extlib/x86_64-10.7-clang/lib  conftest.cpp  >&5
ld: warning: directory not found for option '-L/Users/sid/Sources/vice-emu/trunk/vice/extlib/x86_64-10.7-clang/lib'
configure:3918: $? = 0
configure:3918: ./conftest
configure:3918: $? = 0
configure:3933: result: 4
configure:3948: checking for working bool
configure:3966: /usr/bin/clang++ -arch x86_64 -isysroot /Applications/Xcode.app/Contents/Developer/Platforms/MacOSX.platform/Developer/SDKs/MacOSX10.7.sdk -mmacosx-version-min=10.7 -c -g -Wall -O2 -funroll-loops -fomit-frame-pointer -fno-exceptions -I/Users/sid/Sources/vice-emu/trunk/vice/extlib/x86_64-10.7-clang/include conftest.cpp >&5
conftest.cpp:27:6: warning: unused variable 'flag' [-Wunused-variable]
bool flag;
     ^
1 warning generated.
configure:3966: $? = 0
configure:3973: result: yes
configure:3984: checking if the mmintrin.h include can be used
configure:3997: /usr/bin/clang++ -arch x86_64 -isysroot /Applications/Xcode.app/Contents/Developer/Platforms/MacOSX.platform/Developer/SDKs/MacOSX10.7.sdk -mmacosx-version-min=10.7 -c -g -Wall -O2 -funroll-loops -fomit-frame-pointer -fno-exceptions -I/Users/sid/Sources/vice-emu/trunk/vice/extlib/x86_64-10.7-clang/include conftest.cpp >&5
conftest.cpp:26:5: warning: unused variable 'test' [-Wunused-variable]
int test;
    ^
1 warning generated.
configure:3997: $? = 0
configure:3998: result: yes
configure:4200: creating ./config.status

## ---------------------- ##
## Running config.status. ##
## ---------------------- ##

This file was extended by config.status, which was
generated by GNU Autoconf 2.65.  Invocation command line was

  CONFIG_FILES    = 
  CONFIG_HEADERS  = 
  CONFIG_LINKS    = 
  CONFIG_COMMANDS = 
  $ ./config.status 

on hubbard.local

config.status:784: creating Makefile
config.status:784: creating siddtvdefs.h
config.status:940: executing depfiles commands

## ---------------- ##
## Cache variables. ##
## ---------------- ##

ac_cv_cxx_bool=yes
ac_cv_cxx_compiler_gnu=yes
ac_cv_env_CCC_set=
ac_cv_env_CCC_value=
ac_cv_env_CPPFLAGS_set=set
ac_cv_env_CPPFLAGS_value=-I/Users/sid/Sources/vice-emu/trunk/vice/extlib/x86_64-10.7-clang/include
ac_cv_env_CXXCPP_set=
ac_cv_env_CXXCPP_value=
ac_cv_env_CXXFLAGS_set=
ac_cv_env_CXXFLAGS_value=
ac_cv_env_CXX_set=set
ac_cv_env_CXX_value='/usr/bin/clang++ -arch x86_64 -isysroot /Applications/Xcode.app/Contents/Developer/Platforms/MacOSX.platform/Developer/SDKs/MacOSX10.7.sdk -mmacosx-version-min=10.7'
ac_cv_env_LDFLAGS_set=set
ac_cv_env_LDFLAGS_value='-L/Users/sid/Sources/vice-emu/trunk/vice/extlib/x86_64-10.7-clang/lib '
ac_cv_env_LIBS_set=
ac_cv_env_LIBS_value=
ac_cv_env_build_alias_set=
ac_cv_env_build_alias_value=
ac_cv_env_host_alias_set=set
ac_cv_env_host_alias_value=x86_64-apple-darwin
ac_cv_env_target_alias_set=
ac_cv_env_target_alias_value=
ac_cv_header_inttypes_h=yes
ac_cv_header_memory_h=yes
ac_cv_header_stdc=yes
ac_cv_header_stdint_h=yes
ac_cv_header_stdlib_h=yes
ac_cv_header_string_h=yes
ac_cv_header_strings_h=yes
ac_cv_header_sys_stat_h=yes
ac_cv_header_sys_types_h=yes
ac_cv_header_unistd_h=yes
ac_cv_objext=o
ac_cv_path_EGREP='/usr/bin/grep -E'
ac_cv_path_GREP=/usr/bin/grep
ac_cv_path_PERL=/opt/local/bin/perl
ac_cv_path_install='/opt/local/bin/ginstall -c'
ac_cv_path_mkdir=/opt/local/bin/gmkdir
ac_cv_prog_AR=ar
ac_cv_prog_AWK=awk
ac_cv_prog_CXXCPP='/usr/bin/clang++ -arch x86_64 -isysroot /Applications/Xcode.app/Contents/Developer/Platforms/MacOSX.platform/Developer/SDKs/MacOSX10.7.sdk -mmacosx-version-min=10.7 -E'
ac_cv_prog_ac_ct_RANLIB=ranlib
ac_cv_prog_ac_ct_STRIP=strip
ac_cv_prog_cxx_g=yes
ac_cv_prog_make_make_set=yes
ac_cv_sizeof_int=4
am_cv_CXX_dependencies_compiler_type=gcc3

## ----------------- ##
## Output variables. ##
## ----------------- ##

ACLOCAL='${SHELL} /Users/sid/Sources/vice-emu/trunk/vice/missing --run aclocal-1.11'
AMDEPBACKSLASH='\'
AMDEP_FALSE='#'
AMDEP_TRUE=''
AMTAR='${SHELL} /Users/sid/Sources/vice-emu/trunk/vice/missing --run tar'
AR='ar'
AUTOCONF='${SHELL} /Users/sid/Sources/vice-emu/trunk/vice/missing --run autoconf'
AUTOHEADER='${SHELL} /Users/sid/Sources/vice-emu/trunk/vice/missing --run autoheader'
AUTOMAKE='${SHELL} /Users/sid/Sources/vice-emu/trunk/vice/missing --run automake-1.11'
AWK='awk'
CPPFLAGS='-I/Users/sid/Sources/vice-emu/trunk/vice/extlib/x86_64-10.7-clang/include'
CXX='/usr/bin/clang++ -arch x86_64 -isysroot /Applications/Xcode.app/Contents/Developer/Platforms/MacOSX.platform/Developer/SDKs/MacOSX10.7.sdk -mmacosx-version-min=10.7'
CXXCPP='/usr/bin/clang++ -arch x86_64 -isysroot /Applications/Xcode.app/Contents/Developer/Platforms/MacOSX.platform/Developer/SDKs/MacOSX10.7.sdk -mmacosx-version-min=10.7 -E'
CXXDEPMODE='depmode=gcc3'
CXXFLAGS='-g -Wall -O2 -funroll-loops -fomit-frame-pointer -fno-exceptions'
CYGPATH_W='echo'
DEFS='-DPACKAGE_NAME=\"\" -DPACKAGE_TARNAME=\"\" -DPACKAGE_VERSION=\"\" -DPACKAGE_STRING=\"\" -DPACKAGE_BUGREPORT=\"\" -DPACKAGE_URL=\"\" -DPACKAGE=\"resid\" -DVERSION=\"0.16vice\" -DSTDC_HEADERS=1 -DHAVE_SYS_TYPES_H=1 -DHAVE_SYS_STAT_H=1 -DHAVE_STDLIB_H=1 -DHAVE_STRING_H=1 -DHAVE_MEMORY_H=1 -DHAVE_STRINGS_H=1 -DHAVE_INTTYPES_H=1 -DHAVE_STDINT_H=1 -DHAVE_UNISTD_H=1 -DSIZEOF_INT=4'
DEPDIR='.deps'
ECHO_C='\c'
ECHO_N=''
ECHO_T=''
EGREP='/usr/bin/grep -E'
EXEEXT=''
GREP='/usr/bin/grep'
HAVE_MMINTRIN_H='1'
INSTALL_DATA='${INSTALL} -m 644'
INSTALL_PROGRAM='${INSTALL}'
INSTALL_SCRIPT='${INSTALL}'
INSTALL_STRIP_PROGRAM='$(install_sh) -c -s'
LDFLAGS='-L/Users/sid/Sources/vice-emu/trunk/vice/extlib/x86_64-10.7-clang/lib '
LIBOBJS=''
LIBS=''
LTLIBOBJS=''
MAKEINFO='${SHELL} /Users/sid/Sources/vice-emu/trunk/vice/missing --run makeinfo'
MKDIR_P='/opt/local/bin/gmkdir -p'
OBJEXT='o'
PACKAGE='resid'
PACKAGE_BUGREPORT=''
PACKAGE_NAME=''
PACKAGE_STRING=''
PACKAGE_TARNAME=''
PACKAGE_URL=''
PACKAGE_VERSION=''
PATH_SEPARATOR=':'
PERL='/opt/local/bin/perl'
RANLIB='ranlib'
RESID_HAVE_BOOL='1'
RESID_INLINE='inline'
RESID_INLINING='1'
SET_MAKE=''
SHELL='/bin/sh'
STRIP='strip'
VERSION='0.16vice'
ac_ct_CXX=''
am__EXEEXT_FALSE=''
am__EXEEXT_TRUE='#'
am__fastdepCXX_FALSE='#'
am__fastdepCXX_TRUE=''
am__include='include'
am__isrc=' -I$(srcdir)'
am__leading_dot='.'
am__quote=''
am__tar='${AMTAR} chof - "$$tardir"'
am__untar='${AMTAR} xf -'
bindir='${exec_prefix}/bin'
build_alias=''
datadir='${datarootdir}'
datarootdir='${prefix}/share'
docdir='${datarootdir}/doc/${PACKAGE}'
dvidir='${docdir}'
exec_prefix='${prefix}'
host_alias='x86_64-apple-darwin'
htmldir='${docdir}'
includedir='${prefix}/include'
infodir='${datarootdir}/info'
install_sh='${SHELL} /Users/sid/Sources/vice-emu/trunk/vice/install-sh'
libdir='${exec_prefix}/lib'
libexecdir='${exec_prefix}/libexec'
localedir='${datarootdir}/locale'
localstatedir='${prefix}/var'
mandir='${datarootdir}/man'
mkdir_p='/opt/local/bin/gmkdir -p'
oldincludedir='/usr/include'
pdfdir='${docdir}'
prefix='/usr/local'
program_transform_name='s,x,x,'
psdir='${docdir}'
sbindir='${exec_prefix}/sbin'
sharedstatedir='${prefix}/com'
sysconfdir='${prefix}/etc'
target_alias=''

## ----------- ##
## confdefs.h. ##
## ----------- ##

/* confdefs.h */
#define PACKAGE_NAME ""
#define PACKAGE_TARNAME ""
#define PACKAGE_VERSION ""
#define PACKAGE_STRING ""
#define PACKAGE_BUGREPORT ""
#define PACKAGE_URL ""
#define PACKAGE "resid"
#define VERSION "0.16vice"
#define STDC_HEADERS 1
#define HAVE_SYS_TYPES_H 1
#define HAVE_SYS_STAT_H 1
#define HAVE_STDLIB_H 1
#define HAVE_STRING_H 1
#define HAVE_MEMORY_H 1
#define HAVE_STRINGS_H 1
#define HAVE_INTTYPES_H 1
#define HAVE_STDINT_H 1
#define HAVE_UNISTD_H 1
#define SIZEOF_INT 4

configure: exit 0
